#
# A fatal error has been detected by the Java Runtime Environment:
#
#  EXCEPTION_ACCESS_VIOLATION (0xc0000005) at pc=0x00007ffc6df8b7f6, pid=20616, tid=932
#
# JRE version: Java(TM) SE Runtime Environment 18.9 (11.0.13+10) (build 11.0.13+10-LTS-370)
# Java VM: Java HotSpot(TM) 64-Bit Server VM 18.9 (11.0.13+10-LTS-370, mixed mode, tiered, compressed oops, g1 gc, windows-amd64)
# Problematic frame:
# C  [glass.dll+0x1b7f6]
#
# No core dump will be written. Minidumps are not enabled by default on client versions of Windows
#
# If you would like to submit a bug report, please visit:
#   https://bugreport.java.com/bugreport/crash.jsp
# The crash happened outside the Java Virtual Machine in native code.
# See problematic frame for where to report the bug.
#

---------------  S U M M A R Y ------------

Command Line: -Dfile.encoding=UTF-8 -Duser.country=KR -Duser.language=ko -Duser.variant --module-path=C:\Users\seokj\study\Gymmer Station\build\libs\GymmerStation-1.0-SNAPSHOT.jar;C:\Users\seokj\study\Gymmer Station\build\classes\java\main;C:\Users\seokj\.gradle\caches\modules-2\files-2.1\org.openjfx\javafx-fxml\11.0.2\b3242e4c031558574de2a1da685bb5fcdbb8a530\javafx-fxml-11.0.2-win.jar;C:\Users\seokj\.gradle\caches\modules-2\files-2.1\org.openjfx\javafx-controls\11.0.2\6c763707769c18adce406904c771c2ad1fcc370b\javafx-controls-11.0.2-win.jar;C:\Users\seokj\.gradle\caches\modules-2\files-2.1\org.openjfx\javafx-controls\11.0.2\4ab633cf1eea60f76e2ae9905aedac862da88b08\javafx-controls-11.0.2.jar;C:\Users\seokj\.gradle\caches\modules-2\files-2.1\org.openjfx\javafx-graphics\11.0.2\20459ea2cf714942bcbeb78a7f70ba3531dc1a44\javafx-graphics-11.0.2-win.jar;C:\Users\seokj\.gradle\caches\modules-2\files-2.1\org.openjfx\javafx-graphics\11.0.2\e522eb4ea422eceeee207b1c266ba3db19b2343a\javafx-graphics-11.0.2.jar;C:\Users\seokj\.gradle\caches\modules-2\files-2.1\org.openjfx\javafx-base\11.0.2\1852e57b8cf9a9b6488c33605bccd5d06ff210e1\javafx-base-11.0.2-win.jar;C:\Users\seokj\.gradle\caches\modules-2\files-2.1\org.openjfx\javafx-base\11.0.2\7fb2e4a8528ec9e434a9ac9ee98b39af79e6dcb8\javafx-base-11.0.2.jar;C:\Users\seokj\.gradle\caches\modules-2\files-2.1\com.google.protobuf\protobuf-java\3.11.4\7ec0925cc3aef0335bbc7d57edfd42b0f86f8267\protobuf-java-3.11.4.jar -Djdk.module.main=com.gymmer.gymmerstation com.gymmer.gymmerstation/com.gymmer.gymmerstation.Main

Host: Intel(R) Core(TM) i5-8265U CPU @ 1.60GHz, 8 cores, 7G,  Windows 10 , 64 bit Build 22000 (10.0.22000.613)
Time: Fri May 13 21:19:57 2022 대한민국 표준시 elapsed time: 20.268146 seconds (0d 0h 0m 20s)

---------------  T H R E A D  ---------------

Current thread (0x0000018b4d5e1000):  JavaThread "JavaFX Application Thread" [_thread_in_native, id=932, stack(0x0000000d27300000,0x0000000d27400000)]

Stack: [0x0000000d27300000,0x0000000d27400000],  sp=0x0000000d273fc660,  free space=1009k
Native frames: (J=compiled Java code, j=interpreted, Vv=VM code, C=native code)
C  [glass.dll+0x1b7f6]

Java frames: (J=compiled Java code, j=interpreted, Vv=VM code)
j  com.sun.glass.ui.win.WinWindow._close(J)Z+0 javafx.graphics
j  com.sun.glass.ui.Window.close()V+63 javafx.graphics
j  com.sun.glass.ui.win.WinWindow.close()V+8 javafx.graphics
j  com.sun.glass.ui.Application.terminate()V+75 javafx.graphics
j  com.sun.javafx.tk.quantum.QuantumToolkit.lambda$exit$13()Ljava/lang/Object;+5 javafx.graphics
j  com.sun.javafx.tk.quantum.QuantumToolkit$$Lambda$716.get()Ljava/lang/Object;+0 javafx.graphics
j  com.sun.javafx.tk.quantum.QuantumToolkit.runWithRenderLock(Ljava/util/function/Supplier;)Ljava/lang/Object;+7 javafx.graphics
j  com.sun.javafx.tk.quantum.QuantumToolkit.exit()V+26 javafx.graphics
j  com.sun.javafx.application.PlatformImpl.lambda$tkExit$16()V+3 javafx.graphics
j  com.sun.javafx.application.PlatformImpl$$Lambda$715.run()V+0 javafx.graphics
j  com.sun.javafx.application.PlatformImpl.lambda$runAndWait$12(Ljava/lang/Runnable;Ljava/util/concurrent/CountDownLatch;)V+1 javafx.graphics
j  com.sun.javafx.application.PlatformImpl$$Lambda$101.run()V+8 javafx.graphics
j  com.sun.javafx.application.PlatformImpl.lambda$runLater$10(Ljava/lang/Runnable;)Ljava/lang/Void;+1 javafx.graphics
j  com.sun.javafx.application.PlatformImpl$$Lambda$104.run()Ljava/lang/Object;+4 javafx.graphics
v  ~StubRoutines::call_stub
J 2302  java.security.AccessController.doPrivileged(Ljava/security/PrivilegedAction;Ljava/security/AccessControlContext;)Ljava/lang/Object; java.base@11.0.13 (0 bytes) @ 0x0000018b3da1aca6 [0x0000018b3da1ac40+0x0000000000000066]
j  com.sun.javafx.application.PlatformImpl.lambda$runLater$11(Ljava/lang/Runnable;Ljava/security/AccessControlContext;)V+7 javafx.graphics
j  com.sun.javafx.application.PlatformImpl$$Lambda$103.run()V+8 javafx.graphics
J 2948 c1 com.sun.glass.ui.InvokeLaterDispatcher$Future.run()V javafx.graphics (91 bytes) @ 0x0000018b36904c04 [0x0000018b36904b00+0x0000000000000104]
v  ~StubRoutines::call_stub
j  com.sun.glass.ui.win.WinApplication._runLoop(Ljava/lang/Runnable;)V+0 javafx.graphics
j  com.sun.glass.ui.win.WinApplication.lambda$runLoop$3(ILjava/lang/Runnable;)V+8 javafx.graphics
j  com.sun.glass.ui.win.WinApplication$$Lambda$92.run()V+12 javafx.graphics
j  java.lang.Thread.run()V+11 java.base@11.0.13
v  ~StubRoutines::call_stub

siginfo: EXCEPTION_ACCESS_VIOLATION (0xc0000005), reading address 0x0000000000000130


Register to memory mapping:

RIP=0x00007ffc6df8b7f6 glass.dll
RAX=0x0 is NULL
RBX=0x0 is NULL
RCX=0x0 is NULL
RDX=0x0 is NULL
RSP=0x0000000d273fc660 is pointing into the stack for thread: 0x0000018b4d5e1000
RBP=0x0 is NULL
RSI=0x0000018b4d5de8d0 points into unknown readable memory: 0x00007ffc6df98c48 | 48 8c f9 6d fc 7f 00 00
RDI=0x0000000d273fc9c0 is pointing into the stack for thread: 0x0000018b4d5e1000
R8 =0x0000000d273fc9c0 is pointing into the stack for thread: 0x0000018b4d5e1000
R9 =0x0 is NULL
R10=0x00007ffc6df98c48 glass.dll
R11=0x0000000000000246 is an unknown value
R12=0x0 is NULL
R13=0x0000000000000401 is an unknown value
R14=0x0 is NULL
R15=0x0 is NULL


Registers:
RAX=0x0000000000000000, RBX=0x0000000000000000, RCX=0x0000000000000000, RDX=0x0000000000000000
RSP=0x0000000d273fc660, RBP=0x0000000000000000, RSI=0x0000018b4d5de8d0, RDI=0x0000000d273fc9c0
R8 =0x0000000d273fc9c0, R9 =0x0000000000000000, R10=0x00007ffc6df98c48, R11=0x0000000000000246
R12=0x0000000000000000, R13=0x0000000000000401, R14=0x0000000000000000, R15=0x0000000000000000
RIP=0x00007ffc6df8b7f6, EFLAGS=0x0000000000010206

Top of Stack: (sp=0x0000000d273fc660)
0x0000000d273fc660:   0000000000000578 0000000000000000
0x0000000d273fc670:   0000000000000000 0000000d273fc680
0x0000000d273fc680:   0000000d273fc9c0 00007ffc6df8a231
0x0000000d273fc690:   0000000000000000 0000000000000401
0x0000000d273fc6a0:   0000018b4d5de8d0 0000000000000000
0x0000000d273fc6b0:   0000000d273fc9c0 00007ffc6df7a2ad
0x0000000d273fc6c0:   0000000000000401 00007ffca010aab9
0x0000000d273fc6d0:   0000000000000000 0000000000000001
0x0000000d273fc6e0:   fffffffffffffffe 0000000080000022
0x0000000d273fc6f0:   0000000000000000 00007ffc6df71808
0x0000000d273fc700:   0000018b4d5de8d0 0000000d273fc9c0
0x0000000d273fc710:   0000000000000401 0000000000220a66
0x0000000d273fc720:   0000000000000000 00007ffca0101c4c
0x0000000d273fc730:   0000000000000001 0000000d273fc8f8
0x0000000d273fc740:   0000000000000000 0000000080000022
0x0000000d273fc750:   00007ffc46210760 0000018b4c522cd8 

Instructions: (pc=0x00007ffc6df8b7f6)
0x00007ffc6df8b7d6:   e6 35 00 00 48 8b c8 e8 fe 34 00 00 48 8b 5c 24
0x00007ffc6df8b7e6:   40 48 83 c4 30 5f c3 cc cc cc 40 57 48 83 ec 20
0x00007ffc6df8b7f6:   48 8b 81 30 01 00 00 48 8b f9 48 85 c0 75 04 48
0x00007ffc6df8b806:   8b 41 08 48 3b 05 f0 15 02 00 75 3b 48 89 5c 24 


Stack slot to memory mapping:
stack at sp + 0 slots: 0x0000000000000578 is an unknown value
stack at sp + 1 slots: 0x0 is NULL
stack at sp + 2 slots: 0x0 is NULL
stack at sp + 3 slots: 0x0000000d273fc680 is pointing into the stack for thread: 0x0000018b4d5e1000
stack at sp + 4 slots: 0x0000000d273fc9c0 is pointing into the stack for thread: 0x0000018b4d5e1000
stack at sp + 5 slots: 0x00007ffc6df8a231 glass.dll
stack at sp + 6 slots: 0x0 is NULL
stack at sp + 7 slots: 0x0000000000000401 is an unknown value


---------------  P R O C E S S  ---------------

Threads class SMR info:
_java_thread_list=0x0000018b4da025f0, length=17, elements={
0x0000018b2e81a000, 0x0000018b4c663800, 0x0000018b4c66d800, 0x0000018b4cf83000,
0x0000018b4c690000, 0x0000018b4c693000, 0x0000018b4c698800, 0x0000018b4c69a800,
0x0000018b4c69c000, 0x0000018b4c5fa000, 0x0000018b4d3f1000, 0x0000018b4d5e0000,
0x0000018b4d5e1000, 0x0000018b4ddcd000, 0x0000018b4d10f000, 0x0000018b4e535000,
0x0000018b56042000
}

Java Threads: ( => current thread )
  0x0000018b2e81a000 JavaThread "main" [_thread_blocked, id=5152, stack(0x0000000d25e00000,0x0000000d25f00000)]
  0x0000018b4c663800 JavaThread "Reference Handler" daemon [_thread_blocked, id=7688, stack(0x0000000d26500000,0x0000000d26600000)]
  0x0000018b4c66d800 JavaThread "Finalizer" daemon [_thread_blocked, id=18424, stack(0x0000000d26600000,0x0000000d26700000)]
  0x0000018b4cf83000 JavaThread "Signal Dispatcher" daemon [_thread_blocked, id=20224, stack(0x0000000d26700000,0x0000000d26800000)]
  0x0000018b4c690000 JavaThread "Attach Listener" daemon [_thread_blocked, id=15780, stack(0x0000000d26800000,0x0000000d26900000)]
  0x0000018b4c693000 JavaThread "Service Thread" daemon [_thread_blocked, id=14468, stack(0x0000000d26900000,0x0000000d26a00000)]
  0x0000018b4c698800 JavaThread "C2 CompilerThread0" daemon [_thread_blocked, id=2236, stack(0x0000000d26a00000,0x0000000d26b00000)]
  0x0000018b4c69a800 JavaThread "C1 CompilerThread0" daemon [_thread_blocked, id=20176, stack(0x0000000d26b00000,0x0000000d26c00000)]
  0x0000018b4c69c000 JavaThread "Sweeper thread" daemon [_thread_blocked, id=6652, stack(0x0000000d26c00000,0x0000000d26d00000)]
  0x0000018b4c5fa000 JavaThread "Common-Cleaner" daemon [_thread_blocked, id=13336, stack(0x0000000d26d00000,0x0000000d26e00000)]
  0x0000018b4d3f1000 JavaThread "QuantumRenderer-0" daemon [_thread_blocked, id=13448, stack(0x0000000d27100000,0x0000000d27200000)]
  0x0000018b4d5e0000 JavaThread "InvokeLaterDispatcher" daemon [_thread_blocked, id=20592, stack(0x0000000d27200000,0x0000000d27300000)]
=>0x0000018b4d5e1000 JavaThread "JavaFX Application Thread" [_thread_in_native, id=932, stack(0x0000000d27300000,0x0000000d27400000)]
  0x0000018b4ddcd000 JavaThread "Thread-1" daemon [_thread_in_native, id=21720, stack(0x0000000d27700000,0x0000000d27800000)]
  0x0000018b4d10f000 JavaThread "JavaFX-Launcher" [_thread_blocked, id=16532, stack(0x0000000d27800000,0x0000000d27900000)]
  0x0000018b4e535000 JavaThread "Prism Font Disposer" daemon [_thread_blocked, id=8956, stack(0x0000000d27e00000,0x0000000d27f00000)]
  0x0000018b56042000 JavaThread "Cleaner-0" daemon [_thread_blocked, id=1048, stack(0x0000000d28300000,0x0000000d28400000)]

Other Threads:
  0x0000018b4c660000 VMThread "VM Thread" [stack: 0x0000000d26400000,0x0000000d26500000] [id=9532]
  0x0000018b4d392800 WatcherThread [stack: 0x0000000d27000000,0x0000000d27100000] [id=10476]
  0x0000018b2e82f800 GCTaskThread "GC Thread#0" [stack: 0x0000000d25f00000,0x0000000d26000000] [id=17340]
  0x0000018b4d10c000 GCTaskThread "GC Thread#1" [stack: 0x0000000d27900000,0x0000000d27a00000] [id=11044]
  0x0000018b4d10c800 GCTaskThread "GC Thread#2" [stack: 0x0000000d27a00000,0x0000000d27b00000] [id=22992]
  0x0000018b4daaf800 GCTaskThread "GC Thread#3" [stack: 0x0000000d27b00000,0x0000000d27c00000] [id=7860]
  0x0000018b4dab0000 GCTaskThread "GC Thread#4" [stack: 0x0000000d27c00000,0x0000000d27d00000] [id=4680]
  0x0000018b4de6a000 GCTaskThread "GC Thread#5" [stack: 0x0000000d27d00000,0x0000000d27e00000] [id=3476]
  0x0000018b2e860000 ConcurrentGCThread "G1 Main Marker" [stack: 0x0000000d26000000,0x0000000d26100000] [id=20260]
  0x0000018b2e862800 ConcurrentGCThread "G1 Conc#0" [stack: 0x0000000d26100000,0x0000000d26200000] [id=21072]
  0x0000018b4eb09800 ConcurrentGCThread "G1 Conc#1" [stack: 0x0000000d28200000,0x0000000d28300000] [id=8632]
  0x0000018b2e8f7000 ConcurrentGCThread "G1 Refine#0" [stack: 0x0000000d26200000,0x0000000d26300000] [id=16072]
  0x0000018b4c4b0800 ConcurrentGCThread "G1 Young RemSet Sampling" [stack: 0x0000000d26300000,0x0000000d26400000] [id=21808]

Threads with active compile tasks:

VM state:not at safepoint (normal execution)

VM Mutex/Monitor currently owned by a thread: None

Heap address: 0x0000000082800000, size: 2008 MB, Compressed Oops mode: 32-bit
Narrow klass base: 0x0000000000000000, Narrow klass shift: 3
Compressed class space size: 1073741824 Address: 0x0000000100000000

Heap:
 garbage-first heap   total 129024K, used 60989K [0x0000000082800000, 0x0000000100000000)
  region size 1024K, 37 young (37888K), 6 survivors (6144K)
 Metaspace       used 27186K, capacity 28346K, committed 28592K, reserved 1073152K
  class space    used 3489K, capacity 3997K, committed 4096K, reserved 1048576K
Heap Regions: E=young(eden), S=young(survivor), O=old, HS=humongous(starts), HC=humongous(continues), CS=collection set, F=free, A=archive, TAMS=top-at-mark-start (previous, next)
|   0|0x0000000082800000, 0x00000000828a5400, 0x0000000082900000| 64%| O|  |TAMS 0x00000000828a5400, 0x0000000082800000| Untracked 
|   1|0x0000000082900000, 0x0000000082a00000, 0x0000000082a00000|100%|HS|  |TAMS 0x0000000082a00000, 0x0000000082900000| Complete 
|   2|0x0000000082a00000, 0x0000000082b00000, 0x0000000082b00000|100%|HC|  |TAMS 0x0000000082b00000, 0x0000000082a00000| Complete 
|   3|0x0000000082b00000, 0x0000000082c00000, 0x0000000082c00000|100%|HS|  |TAMS 0x0000000082c00000, 0x0000000082b00000| Complete 
|   4|0x0000000082c00000, 0x0000000082d00000, 0x0000000082d00000|100%|HC|  |TAMS 0x0000000082d00000, 0x0000000082c00000| Complete 
|   5|0x0000000082d00000, 0x0000000082e00000, 0x0000000082e00000|100%|HS|  |TAMS 0x0000000082e00000, 0x0000000082d00000| Complete 
|   6|0x0000000082e00000, 0x0000000082f00000, 0x0000000082f00000|100%|HC|  |TAMS 0x0000000082f00000, 0x0000000082e00000| Complete 
|   7|0x0000000082f00000, 0x0000000083000000, 0x0000000083000000|100%|HC|  |TAMS 0x0000000083000000, 0x0000000082f00000| Complete 
|   8|0x0000000083000000, 0x0000000083100000, 0x0000000083100000|100%|HC|  |TAMS 0x0000000083100000, 0x0000000083000000| Complete 
|   9|0x0000000083100000, 0x0000000083200000, 0x0000000083200000|100%|HC|  |TAMS 0x0000000083200000, 0x0000000083100000| Complete 
|  10|0x0000000083200000, 0x0000000083300000, 0x0000000083300000|100%|HC|  |TAMS 0x0000000083300000, 0x0000000083200000| Complete 
|  11|0x0000000083300000, 0x0000000083400000, 0x0000000083400000|100%|HC|  |TAMS 0x0000000083400000, 0x0000000083300000| Complete 
|  12|0x0000000083400000, 0x0000000083500000, 0x0000000083500000|100%|HS|  |TAMS 0x0000000083400000, 0x0000000083400000| Complete 
|  13|0x0000000083500000, 0x0000000083600000, 0x0000000083600000|100%|HC|  |TAMS 0x0000000083500000, 0x0000000083500000| Complete 
|  14|0x0000000083600000, 0x0000000083700000, 0x0000000083700000|100%|HS|  |TAMS 0x0000000083700000, 0x0000000083600000| Complete 
|  15|0x0000000083700000, 0x0000000083800000, 0x0000000083800000|100%|HC|  |TAMS 0x0000000083800000, 0x0000000083700000| Complete 
|  16|0x0000000083800000, 0x0000000083900000, 0x0000000083900000|100%|HS|  |TAMS 0x0000000083800000, 0x0000000083800000| Complete 
|  17|0x0000000083900000, 0x0000000083a00000, 0x0000000083a00000|100%|HC|  |TAMS 0x0000000083900000, 0x0000000083900000| Complete 
|  18|0x0000000083a00000, 0x0000000083b00000, 0x0000000083b00000|100%|HS|  |TAMS 0x0000000083a00000, 0x0000000083a00000| Complete 
|  19|0x0000000083b00000, 0x0000000083c00000, 0x0000000083c00000|100%|HC|  |TAMS 0x0000000083b00000, 0x0000000083b00000| Complete 
|  20|0x0000000083c00000, 0x0000000083d00000, 0x0000000083d00000|100%|HS|  |TAMS 0x0000000083c00000, 0x0000000083c00000| Complete 
|  21|0x0000000083d00000, 0x0000000083e00000, 0x0000000083e00000|100%|HC|  |TAMS 0x0000000083d00000, 0x0000000083d00000| Complete 
|  22|0x0000000083e00000, 0x0000000083f00000, 0x0000000083f00000|100%|HS|  |TAMS 0x0000000083e00000, 0x0000000083e00000| Complete 
|  23|0x0000000083f00000, 0x0000000084000000, 0x0000000084000000|100%|HC|  |TAMS 0x0000000083f00000, 0x0000000083f00000| Complete 
|  24|0x0000000084000000, 0x0000000084000000, 0x0000000084100000|  0%| F|  |TAMS 0x0000000084000000, 0x0000000084000000| Untracked 
|  25|0x0000000084100000, 0x0000000084100000, 0x0000000084200000|  0%| F|  |TAMS 0x0000000084100000, 0x0000000084100000| Untracked 
|  26|0x0000000084200000, 0x0000000084200000, 0x0000000084300000|  0%| F|  |TAMS 0x0000000084200000, 0x0000000084200000| Untracked 
|  27|0x0000000084300000, 0x0000000084300000, 0x0000000084400000|  0%| F|  |TAMS 0x0000000084300000, 0x0000000084300000| Untracked 
|  28|0x0000000084400000, 0x0000000084400000, 0x0000000084500000|  0%| F|  |TAMS 0x0000000084400000, 0x0000000084400000| Untracked 
|  29|0x0000000084500000, 0x0000000084500000, 0x0000000084600000|  0%| F|  |TAMS 0x0000000084500000, 0x0000000084500000| Untracked 
|  30|0x0000000084600000, 0x0000000084600000, 0x0000000084700000|  0%| F|  |TAMS 0x0000000084600000, 0x0000000084600000| Untracked 
|  31|0x0000000084700000, 0x0000000084700000, 0x0000000084800000|  0%| F|  |TAMS 0x0000000084700000, 0x0000000084700000| Untracked 
|  32|0x0000000084800000, 0x0000000084800000, 0x0000000084900000|  0%| F|  |TAMS 0x0000000084800000, 0x0000000084800000| Untracked 
|  33|0x0000000084900000, 0x0000000084900000, 0x0000000084a00000|  0%| F|  |TAMS 0x0000000084900000, 0x0000000084900000| Untracked 
|  34|0x0000000084a00000, 0x0000000084a00000, 0x0000000084b00000|  0%| F|  |TAMS 0x0000000084a00000, 0x0000000084a00000| Untracked 
|  35|0x0000000084b00000, 0x0000000084b00000, 0x0000000084c00000|  0%| F|  |TAMS 0x0000000084b00000, 0x0000000084b00000| Untracked 
|  36|0x0000000084c00000, 0x0000000084c00000, 0x0000000084d00000|  0%| F|  |TAMS 0x0000000084c00000, 0x0000000084c00000| Untracked 
|  37|0x0000000084d00000, 0x0000000084d00000, 0x0000000084e00000|  0%| F|  |TAMS 0x0000000084d00000, 0x0000000084d00000| Untracked 
|  38|0x0000000084e00000, 0x0000000084e00000, 0x0000000084f00000|  0%| F|  |TAMS 0x0000000084e00000, 0x0000000084e00000| Untracked 
|  39|0x0000000084f00000, 0x0000000084f00000, 0x0000000085000000|  0%| F|  |TAMS 0x0000000084f00000, 0x0000000084f00000| Untracked 
|  40|0x0000000085000000, 0x0000000085000000, 0x0000000085100000|  0%| F|  |TAMS 0x0000000085000000, 0x0000000085000000| Untracked 
|  41|0x0000000085100000, 0x0000000085100000, 0x0000000085200000|  0%| F|  |TAMS 0x0000000085100000, 0x0000000085100000| Untracked 
|  42|0x0000000085200000, 0x0000000085200000, 0x0000000085300000|  0%| F|  |TAMS 0x0000000085200000, 0x0000000085200000| Untracked 
|  43|0x0000000085300000, 0x0000000085300000, 0x0000000085400000|  0%| F|  |TAMS 0x0000000085300000, 0x0000000085300000| Untracked 
|  44|0x0000000085400000, 0x0000000085400000, 0x0000000085500000|  0%| F|  |TAMS 0x0000000085400000, 0x0000000085400000| Untracked 
|  45|0x0000000085500000, 0x0000000085500000, 0x0000000085600000|  0%| F|  |TAMS 0x0000000085500000, 0x0000000085500000| Untracked 
|  46|0x0000000085600000, 0x0000000085600000, 0x0000000085700000|  0%| F|  |TAMS 0x0000000085600000, 0x0000000085600000| Untracked 
|  47|0x0000000085700000, 0x0000000085700000, 0x0000000085800000|  0%| F|  |TAMS 0x0000000085700000, 0x0000000085700000| Untracked 
|  48|0x0000000085800000, 0x0000000085800000, 0x0000000085900000|  0%| F|  |TAMS 0x0000000085800000, 0x0000000085800000| Untracked 
|  49|0x0000000085900000, 0x0000000085900000, 0x0000000085a00000|  0%| F|  |TAMS 0x0000000085900000, 0x0000000085900000| Untracked 
|  50|0x0000000085a00000, 0x0000000085a00000, 0x0000000085b00000|  0%| F|  |TAMS 0x0000000085a00000, 0x0000000085a00000| Untracked 
|  51|0x0000000085b00000, 0x0000000085b00000, 0x0000000085c00000|  0%| F|  |TAMS 0x0000000085b00000, 0x0000000085b00000| Untracked 
|  52|0x0000000085c00000, 0x0000000085c00000, 0x0000000085d00000|  0%| F|  |TAMS 0x0000000085c00000, 0x0000000085c00000| Untracked 
|  53|0x0000000085d00000, 0x0000000085d00000, 0x0000000085e00000|  0%| F|  |TAMS 0x0000000085d00000, 0x0000000085d00000| Untracked 
|  54|0x0000000085e00000, 0x0000000085e00000, 0x0000000085f00000|  0%| F|  |TAMS 0x0000000085e00000, 0x0000000085e00000| Untracked 
|  55|0x0000000085f00000, 0x0000000085f00000, 0x0000000086000000|  0%| F|  |TAMS 0x0000000085f00000, 0x0000000085f00000| Untracked 
|  56|0x0000000086000000, 0x0000000086000000, 0x0000000086100000|  0%| F|  |TAMS 0x0000000086000000, 0x0000000086000000| Untracked 
|  57|0x0000000086100000, 0x0000000086100000, 0x0000000086200000|  0%| F|  |TAMS 0x0000000086100000, 0x0000000086100000| Untracked 
|  58|0x0000000086200000, 0x0000000086200000, 0x0000000086300000|  0%| F|  |TAMS 0x0000000086200000, 0x0000000086200000| Untracked 
|  59|0x0000000086300000, 0x0000000086300000, 0x0000000086400000|  0%| F|  |TAMS 0x0000000086300000, 0x0000000086300000| Untracked 
|  60|0x0000000086400000, 0x0000000086400000, 0x0000000086500000|  0%| F|  |TAMS 0x0000000086400000, 0x0000000086400000| Untracked 
|  61|0x0000000086500000, 0x0000000086500000, 0x0000000086600000|  0%| F|  |TAMS 0x0000000086500000, 0x0000000086500000| Untracked 
|  62|0x0000000086600000, 0x0000000086600000, 0x0000000086700000|  0%| F|  |TAMS 0x0000000086600000, 0x0000000086600000| Untracked 
|  63|0x0000000086700000, 0x0000000086700000, 0x0000000086800000|  0%| F|  |TAMS 0x0000000086700000, 0x0000000086700000| Untracked 
|  64|0x0000000086800000, 0x0000000086800000, 0x0000000086900000|  0%| F|  |TAMS 0x0000000086800000, 0x0000000086800000| Untracked 
|  65|0x0000000086900000, 0x0000000086900000, 0x0000000086a00000|  0%| F|  |TAMS 0x0000000086900000, 0x0000000086900000| Untracked 
|  66|0x0000000086a00000, 0x0000000086a00000, 0x0000000086b00000|  0%| F|  |TAMS 0x0000000086a00000, 0x0000000086a00000| Untracked 
|  67|0x0000000086b00000, 0x0000000086b00000, 0x0000000086c00000|  0%| F|  |TAMS 0x0000000086b00000, 0x0000000086b00000| Untracked 
|  68|0x0000000086c00000, 0x0000000086c00000, 0x0000000086d00000|  0%| F|  |TAMS 0x0000000086c00000, 0x0000000086c00000| Untracked 
|  69|0x0000000086d00000, 0x0000000086d00000, 0x0000000086e00000|  0%| F|  |TAMS 0x0000000086d00000, 0x0000000086d00000| Untracked 
|  70|0x0000000086e00000, 0x0000000086e00000, 0x0000000086f00000|  0%| F|  |TAMS 0x0000000086e00000, 0x0000000086e00000| Untracked 
|  71|0x0000000086f00000, 0x0000000086f00000, 0x0000000087000000|  0%| F|  |TAMS 0x0000000086f00000, 0x0000000086f00000| Untracked 
|  72|0x0000000087000000, 0x0000000087000000, 0x0000000087100000|  0%| F|  |TAMS 0x0000000087000000, 0x0000000087000000| Untracked 
|  73|0x0000000087100000, 0x0000000087100000, 0x0000000087200000|  0%| F|  |TAMS 0x0000000087100000, 0x0000000087100000| Untracked 
|  74|0x0000000087200000, 0x0000000087200000, 0x0000000087300000|  0%| F|  |TAMS 0x0000000087200000, 0x0000000087200000| Untracked 
|  75|0x0000000087300000, 0x0000000087300000, 0x0000000087400000|  0%| F|  |TAMS 0x0000000087300000, 0x0000000087300000| Untracked 
|  76|0x0000000087400000, 0x0000000087400000, 0x0000000087500000|  0%| F|  |TAMS 0x0000000087400000, 0x0000000087400000| Untracked 
|  77|0x0000000087500000, 0x0000000087500000, 0x0000000087600000|  0%| F|  |TAMS 0x0000000087500000, 0x0000000087500000| Untracked 
|  78|0x0000000087600000, 0x0000000087600000, 0x0000000087700000|  0%| F|  |TAMS 0x0000000087600000, 0x0000000087600000| Untracked 
|  79|0x0000000087700000, 0x0000000087700000, 0x0000000087800000|  0%| F|  |TAMS 0x0000000087700000, 0x0000000087700000| Untracked 
|  80|0x0000000087800000, 0x0000000087800000, 0x0000000087900000|  0%| F|  |TAMS 0x0000000087800000, 0x0000000087800000| Untracked 
|  81|0x0000000087900000, 0x0000000087900000, 0x0000000087a00000|  0%| F|  |TAMS 0x0000000087900000, 0x0000000087900000| Untracked 
|  82|0x0000000087a00000, 0x0000000087a00000, 0x0000000087b00000|  0%| F|  |TAMS 0x0000000087a00000, 0x0000000087a00000| Untracked 
|  83|0x0000000087b00000, 0x0000000087b00000, 0x0000000087c00000|  0%| F|  |TAMS 0x0000000087b00000, 0x0000000087b00000| Untracked 
|  84|0x0000000087c00000, 0x0000000087c00000, 0x0000000087d00000|  0%| F|  |TAMS 0x0000000087c00000, 0x0000000087c00000| Untracked 
|  85|0x0000000087d00000, 0x0000000087d00000, 0x0000000087e00000|  0%| F|  |TAMS 0x0000000087d00000, 0x0000000087d00000| Untracked 
|  86|0x0000000087e00000, 0x0000000087e00000, 0x0000000087f00000|  0%| F|  |TAMS 0x0000000087e00000, 0x0000000087e00000| Untracked 
|  87|0x0000000087f00000, 0x0000000087f00000, 0x0000000088000000|  0%| F|  |TAMS 0x0000000087f00000, 0x0000000087f00000| Untracked 
|  88|0x0000000088000000, 0x00000000880ea330, 0x0000000088100000| 91%| S|CS|TAMS 0x0000000088000000, 0x0000000088000000| Complete 
|  89|0x0000000088100000, 0x0000000088200000, 0x0000000088200000|100%| S|CS|TAMS 0x0000000088100000, 0x0000000088100000| Complete 
|  90|0x0000000088200000, 0x0000000088300000, 0x0000000088300000|100%| S|CS|TAMS 0x0000000088200000, 0x0000000088200000| Complete 
|  91|0x0000000088300000, 0x0000000088400000, 0x0000000088400000|100%| S|CS|TAMS 0x0000000088300000, 0x0000000088300000| Complete 
|  92|0x0000000088400000, 0x0000000088500000, 0x0000000088500000|100%| S|CS|TAMS 0x0000000088400000, 0x0000000088400000| Complete 
|  93|0x0000000088500000, 0x0000000088600000, 0x0000000088600000|100%| S|CS|TAMS 0x0000000088500000, 0x0000000088500000| Complete 
|  94|0x0000000088600000, 0x0000000088600000, 0x0000000088700000|  0%| F|  |TAMS 0x0000000088600000, 0x0000000088600000| Untracked 
|  95|0x0000000088700000, 0x00000000887e94a0, 0x0000000088800000| 91%| E|  |TAMS 0x0000000088700000, 0x0000000088700000| Complete 
|  96|0x0000000088800000, 0x0000000088900000, 0x0000000088900000|100%| E|CS|TAMS 0x0000000088800000, 0x0000000088800000| Complete 
|  97|0x0000000088900000, 0x0000000088a00000, 0x0000000088a00000|100%| E|CS|TAMS 0x0000000088900000, 0x0000000088900000| Complete 
|  98|0x0000000088a00000, 0x0000000088b00000, 0x0000000088b00000|100%| E|CS|TAMS 0x0000000088a00000, 0x0000000088a00000| Complete 
|  99|0x0000000088b00000, 0x0000000088c00000, 0x0000000088c00000|100%| E|CS|TAMS 0x0000000088b00000, 0x0000000088b00000| Complete 
| 100|0x0000000088c00000, 0x0000000088d00000, 0x0000000088d00000|100%| E|CS|TAMS 0x0000000088c00000, 0x0000000088c00000| Complete 
| 101|0x0000000088d00000, 0x0000000088e00000, 0x0000000088e00000|100%| E|CS|TAMS 0x0000000088d00000, 0x0000000088d00000| Complete 
| 102|0x0000000088e00000, 0x0000000088f00000, 0x0000000088f00000|100%| E|CS|TAMS 0x0000000088e00000, 0x0000000088e00000| Complete 
| 103|0x0000000088f00000, 0x0000000089000000, 0x0000000089000000|100%| E|CS|TAMS 0x0000000088f00000, 0x0000000088f00000| Complete 
| 104|0x0000000089000000, 0x0000000089100000, 0x0000000089100000|100%| E|CS|TAMS 0x0000000089000000, 0x0000000089000000| Complete 
| 105|0x0000000089100000, 0x0000000089200000, 0x0000000089200000|100%| E|CS|TAMS 0x0000000089100000, 0x0000000089100000| Complete 
| 106|0x0000000089200000, 0x0000000089300000, 0x0000000089300000|100%| E|CS|TAMS 0x0000000089200000, 0x0000000089200000| Complete 
| 107|0x0000000089300000, 0x0000000089400000, 0x0000000089400000|100%| E|CS|TAMS 0x0000000089300000, 0x0000000089300000| Complete 
| 108|0x0000000089400000, 0x0000000089500000, 0x0000000089500000|100%| E|CS|TAMS 0x0000000089400000, 0x0000000089400000| Complete 
| 109|0x0000000089500000, 0x0000000089600000, 0x0000000089600000|100%| E|CS|TAMS 0x0000000089500000, 0x0000000089500000| Complete 
| 110|0x0000000089600000, 0x0000000089700000, 0x0000000089700000|100%| E|CS|TAMS 0x0000000089600000, 0x0000000089600000| Complete 
| 111|0x0000000089700000, 0x0000000089800000, 0x0000000089800000|100%| E|CS|TAMS 0x0000000089700000, 0x0000000089700000| Complete 
| 112|0x0000000089800000, 0x0000000089900000, 0x0000000089900000|100%| E|CS|TAMS 0x0000000089800000, 0x0000000089800000| Complete 
| 113|0x0000000089900000, 0x0000000089a00000, 0x0000000089a00000|100%| E|CS|TAMS 0x0000000089900000, 0x0000000089900000| Complete 
| 114|0x0000000089a00000, 0x0000000089b00000, 0x0000000089b00000|100%| E|CS|TAMS 0x0000000089a00000, 0x0000000089a00000| Complete 
| 115|0x0000000089b00000, 0x0000000089c00000, 0x0000000089c00000|100%| E|CS|TAMS 0x0000000089b00000, 0x0000000089b00000| Complete 
| 116|0x0000000089c00000, 0x0000000089d00000, 0x0000000089d00000|100%| E|CS|TAMS 0x0000000089c00000, 0x0000000089c00000| Complete 
| 117|0x0000000089d00000, 0x0000000089e00000, 0x0000000089e00000|100%| E|CS|TAMS 0x0000000089d00000, 0x0000000089d00000| Complete 
| 118|0x0000000089e00000, 0x0000000089f00000, 0x0000000089f00000|100%| E|CS|TAMS 0x0000000089e00000, 0x0000000089e00000| Complete 
| 119|0x0000000089f00000, 0x000000008a000000, 0x000000008a000000|100%| E|CS|TAMS 0x0000000089f00000, 0x0000000089f00000| Complete 
| 120|0x000000008a000000, 0x000000008a100000, 0x000000008a100000|100%| E|CS|TAMS 0x000000008a000000, 0x000000008a000000| Complete 
| 121|0x000000008a100000, 0x000000008a200000, 0x000000008a200000|100%| E|CS|TAMS 0x000000008a100000, 0x000000008a100000| Complete 
| 122|0x000000008a200000, 0x000000008a300000, 0x000000008a300000|100%| E|CS|TAMS 0x000000008a200000, 0x000000008a200000| Complete 
| 123|0x000000008a300000, 0x000000008a400000, 0x000000008a400000|100%| E|CS|TAMS 0x000000008a300000, 0x000000008a300000| Complete 
| 124|0x000000008a400000, 0x000000008a500000, 0x000000008a500000|100%| E|CS|TAMS 0x000000008a400000, 0x000000008a400000| Complete 
| 125|0x000000008a500000, 0x000000008a600000, 0x000000008a600000|100%| E|CS|TAMS 0x000000008a500000, 0x000000008a500000| Complete 

Card table byte_map: [0x0000018b45570000,0x0000018b45960000] _byte_map_base: 0x0000018b4515c000

Marking Bits (Prev, Next): (CMBitMap*) 0x0000018b2e857690, (CMBitMap*) 0x0000018b2e857658
 Prev Bits: [0x0000018b47cb0000, 0x0000018b49c10000)
 Next Bits: [0x0000018b45d50000, 0x0000018b47cb0000)

Polling page: 0x0000018b2c7c0000

Metaspace:

Usage:
  Non-class:     23.78 MB capacity,    23.14 MB ( 97%) used,   522.88 KB (  2%) free+waste,   129.81 KB ( <1%) overhead. 
      Class:      3.90 MB capacity,     3.41 MB ( 87%) used,   438.90 KB ( 11%) free+waste,    68.25 KB (  2%) overhead. 
       Both:     27.68 MB capacity,    26.55 MB ( 96%) used,   961.78 KB (  3%) free+waste,   198.06 KB ( <1%) overhead. 

Virtual space:
  Non-class space:       24.00 MB reserved,      23.92 MB (>99%) committed 
      Class space:        1.00 GB reserved,       4.00 MB ( <1%) committed 
             Both:        1.02 GB reserved,      27.92 MB (  3%) committed 

Chunk freelists:
   Non-Class:  2.38 KB
       Class:  0 bytes
        Both:  2.38 KB

CodeHeap 'non-profiled nmethods': size=120000Kb used=1770Kb max_used=1770Kb free=118230Kb
 bounds [0x0000018b3d920000, 0x0000018b3db90000, 0x0000018b44e50000]
CodeHeap 'profiled nmethods': size=120000Kb used=8113Kb max_used=8113Kb free=111886Kb
 bounds [0x0000018b363f0000, 0x0000018b36be0000, 0x0000018b3d920000]
CodeHeap 'non-nmethods': size=5760Kb used=1350Kb max_used=1384Kb free=4409Kb
 bounds [0x0000018b35e50000, 0x0000018b360c0000, 0x0000018b363f0000]
 total_blobs=4897 nmethods=4109 adapters=699
 compilation: enabled
              stopped_count=0, restarted_count=0
 full_count=0

Compilation events (10 events):
Event: 20.230 Thread 0x0000018b4c69a800 4107       1       java.lang.Module::getName (5 bytes)
Event: 20.230 Thread 0x0000018b4c69a800 nmethod 4107 0x0000018b3dad9a90 code [0x0000018b3dad9c20, 0x0000018b3dad9cd8]
Event: 20.230 Thread 0x0000018b4c69a800 4108       3       java.nio.CharBuffer::position (6 bytes)
Event: 20.230 Thread 0x0000018b4c69a800 nmethod 4108 0x0000018b36bdbb90 code [0x0000018b36bdbd40, 0x0000018b36bdbee8]
Event: 20.231 Thread 0x0000018b4c698800 4109       4       java.lang.StringBuilder::toString (35 bytes)
Event: 20.232 Thread 0x0000018b4c69a800 4111       3       java.nio.CharBuffer::array (35 bytes)
Event: 20.232 Thread 0x0000018b4c69a800 nmethod 4111 0x0000018b36bdbf90 code [0x0000018b36bdc160, 0x0000018b36bdc418]
Event: 20.237 Thread 0x0000018b4c698800 nmethod 4109 0x0000018b3dad9d90 code [0x0000018b3dad9f40, 0x0000018b3dada348]
Event: 20.237 Thread 0x0000018b4c698800 4110       4       java.lang.String::valueOf (14 bytes)
Event: 20.239 Thread 0x0000018b4c698800 nmethod 4110 0x0000018b3dada590 code [0x0000018b3dada700, 0x0000018b3dada778]

GC Heap History (4 events):
Event: 0.621 GC heap before
{Heap before GC invocations=0 (full 0):
 garbage-first heap   total 129024K, used 23552K [0x0000000082800000, 0x0000000100000000)
  region size 1024K, 24 young (24576K), 0 survivors (0K)
 Metaspace       used 12376K, capacity 12769K, committed 13056K, reserved 1060864K
  class space    used 1330K, capacity 1493K, committed 1536K, reserved 1048576K
}
Event: 0.625 GC heap after
{Heap after GC invocations=1 (full 0):
 garbage-first heap   total 129024K, used 3733K [0x0000000082800000, 0x0000000100000000)
  region size 1024K, 3 young (3072K), 3 survivors (3072K)
 Metaspace       used 12376K, capacity 12769K, committed 13056K, reserved 1060864K
  class space    used 1330K, capacity 1493K, committed 1536K, reserved 1048576K
}
Event: 1.345 GC heap before
{Heap before GC invocations=1 (full 0):
 garbage-first heap   total 129024K, used 47765K [0x0000000082800000, 0x0000000100000000)
  region size 1024K, 32 young (32768K), 3 survivors (3072K)
 Metaspace       used 20496K, capacity 21094K, committed 21296K, reserved 1067008K
  class space    used 2535K, capacity 2823K, committed 2944K, reserved 1048576K
}
Event: 1.353 GC heap after
{Heap after GC invocations=2 (full 0):
 garbage-first heap   total 129024K, used 20029K [0x0000000082800000, 0x0000000100000000)
  region size 1024K, 6 young (6144K), 6 survivors (6144K)
 Metaspace       used 20496K, capacity 21094K, committed 21296K, reserved 1067008K
  class space    used 2535K, capacity 2823K, committed 2944K, reserved 1048576K
}

Deoptimization events (10 events):
Event: 12.801 Thread 0x0000018b4d3f1000 Uncommon trap: reason=unstable_if action=reinterpret pc=0x0000018b3da67d44 method=com.sun.marlin.MaskMarlinAlphaConsumer.setAndClearRelativeAlphas([IIII)V @ 81 c2
Event: 12.923 Thread 0x0000018b4d5e1000 Uncommon trap: reason=array_check action=maybe_recompile pc=0x0000018b3da750dc method=javafx.css.SimpleSelector.applies(Ljavafx/css/Styleable;[Ljava/util/Set;I)Z @ 37 c2
Event: 12.923 Thread 0x0000018b4d5e1000 Uncommon trap: reason=array_check action=maybe_recompile pc=0x0000018b3da750dc method=javafx.css.SimpleSelector.applies(Ljavafx/css/Styleable;[Ljava/util/Set;I)Z @ 37 c2
Event: 12.923 Thread 0x0000018b4d5e1000 Uncommon trap: reason=array_check action=maybe_recompile pc=0x0000018b3da750dc method=javafx.css.SimpleSelector.applies(Ljavafx/css/Styleable;[Ljava/util/Set;I)Z @ 37 c2
Event: 12.923 Thread 0x0000018b4d5e1000 Uncommon trap: reason=array_check action=maybe_recompile pc=0x0000018b3da750dc method=javafx.css.SimpleSelector.applies(Ljavafx/css/Styleable;[Ljava/util/Set;I)Z @ 37 c2
Event: 16.635 Thread 0x0000018b4d5e1000 Uncommon trap: reason=class_check action=maybe_recompile pc=0x0000018b3dab3a18 method=com.sun.javafx.collections.VetoableListDecorator.size()I @ 4 c2
Event: 16.635 Thread 0x0000018b4d5e1000 Uncommon trap: reason=class_check action=maybe_recompile pc=0x0000018b3dab3a18 method=com.sun.javafx.collections.VetoableListDecorator.size()I @ 4 c2
Event: 16.657 Thread 0x0000018b4d5e1000 Uncommon trap: reason=unstable_if action=reinterpret pc=0x0000018b3dab96c4 method=javafx.scene.Node.pickNode(Lcom/sun/javafx/geom/PickRay;Lcom/sun/javafx/scene/input/PickResultChooser;)V @ 11 c2
Event: 16.657 Thread 0x0000018b4d5e1000 Uncommon trap: reason=unstable_if action=reinterpret pc=0x0000018b3dab627c method=javafx.scene.Node.pickNode(Lcom/sun/javafx/geom/PickRay;Lcom/sun/javafx/scene/input/PickResultChooser;)V @ 11 c2
Event: 16.660 Thread 0x0000018b4d5e1000 Uncommon trap: reason=unstable_if action=reinterpret pc=0x0000018b3d9f33f4 method=com.sun.javafx.iio.common.SmoothMinifier.putSourceScanline([BI)Z @ 523 c2

Classes redefined (0 events):
No events

Internal exceptions (10 events):
Event: 1.382 Thread 0x0000018b4d5e1000 Exception <a 'java/lang/ClassNotFoundException'{0x000000008a4630f8}: com/sun/javafx/scene/control/skin/resources/controls_ko> (0x000000008a4630f8) thrown at [./open/src/hotspot/share/prims/jni.cpp, line 632]
Event: 1.384 Thread 0x0000018b4d5e1000 Exception <a 'java/lang/ClassNotFoundException'{0x000000008a471378}: com/sun/javafx/scene/control/skin/resources/controls_ko_KR> (0x000000008a471378) thrown at [./open/src/hotspot/share/prims/jni.cpp, line 632]
Event: 1.423 Thread 0x0000018b4d5e1000 Exception <a 'java/lang/NoSuchMethodError'{0x000000008a3df8b8}: java.lang.invoke.DirectMethodHandle$Holder.invokeSpecial(Ljava/lang/Object;Ljava/lang/Object;Ljava/lang/Object;Ljava/lang/Object;Ljava/lang/Object;Ljava/lang/Object;)V> (0x000000008a3df8b8) t
Event: 1.512 Thread 0x0000018b4d3f1000 Exception <a 'java/lang/NoSuchMethodError'{0x0000000089f996c8}: java.lang.invoke.DirectMethodHandle$Holder.invokeStaticInit(Ljava/lang/Object;Ljava/lang/Object;)I> (0x0000000089f996c8) thrown at [./open/src/hotspot/share/interpreter/linkResolver.cpp, line
Event: 1.514 Thread 0x0000018b4d5e1000 Exception <a 'java/lang/NoSuchMethodError'{0x0000000089f7be68}: java.lang.invoke.DirectMethodHandle$Holder.invokeStaticInit(Ljava/lang/Object;Ljava/lang/Object;Ljava/lang/Object;)J> (0x0000000089f7be68) thrown at [./open/src/hotspot/share/interpreter/link
Event: 1.518 Thread 0x0000018b4d5e1000 Exception <a 'java/lang/NoSuchMethodError'{0x0000000089e15128}: java.lang.invoke.DirectMethodHandle$Holder.invokeStatic(Ljava/lang/Object;Ljava/lang/Object;J)Ljava/lang/Object;> (0x0000000089e15128) thrown at [./open/src/hotspot/share/interpreter/linkReso
Event: 1.519 Thread 0x0000018b4d5e1000 Exception <a 'java/lang/NoSuchMethodError'{0x0000000089e1b548}: java.lang.invoke.Invokers$Holder.linkToTargetMethod(Ljava/lang/Object;JLjava/lang/Object;)Ljava/lang/Object;> (0x0000000089e1b548) thrown at [./open/src/hotspot/share/interpreter/linkResolver
Event: 1.599 Thread 0x0000018b4d3f1000 Exception <a 'java/lang/NoSuchMethodError'{0x0000000089b757f0}: java.lang.invoke.DirectMethodHandle$Holder.invokeStaticInit(Ljava/lang/Object;I)Ljava/lang/Object;> (0x0000000089b757f0) thrown at [./open/src/hotspot/share/interpreter/linkResolver.cpp, line
Event: 12.996 Thread 0x0000018b4d5e1000 Exception <a 'java/lang/NoSuchMethodError'{0x0000000088c51d40}: java.lang.invoke.Invokers$Holder.linkToTargetMethod(Ljava/lang/Object;IILjava/lang/Object;)Ljava/lang/Object;> (0x0000000088c51d40) thrown at [./open/src/hotspot/share/interpreter/linkResolve
Event: 20.229 Thread 0x0000018b4d5e1000 Exception <a 'java/lang/IllegalArgumentException'{0x00000000888ed9c8}> (0x00000000888ed9c8) thrown at [./open/src/hotspot/share/prims/jvm.cpp, line 1309]

Events (10 events):
Event: 19.615 Executing VM operation: RevokeBias
Event: 19.616 Executing VM operation: RevokeBias done
Event: 20.199 loading class javafx/application/Application
Event: 20.199 loading class javafx/application/Application done
Event: 20.200 loading class javafx/application/Application
Event: 20.200 loading class javafx/application/Application done
Event: 20.229 loading class java/lang/Throwable$WrappedPrintStream
Event: 20.230 loading class java/lang/Throwable$PrintStreamOrWriter
Event: 20.230 loading class java/lang/Throwable$PrintStreamOrWriter done
Event: 20.230 loading class java/lang/Throwable$WrappedPrintStream done


Dynamic libraries:
0x00007ff73bcf0000 - 0x00007ff73bcff000 	C:\Program Files\Java\jdk-11.0.13\bin\java.exe
0x00007ffca1b40000 - 0x00007ffca1d49000 	C:\WINDOWS\SYSTEM32\ntdll.dll
0x00007ffca0940000 - 0x00007ffca09fd000 	C:\WINDOWS\System32\KERNEL32.DLL
0x00007ffc9f250000 - 0x00007ffc9f5c4000 	C:\WINDOWS\System32\KERNELBASE.dll
0x00007ffc9f8c0000 - 0x00007ffc9f9d1000 	C:\WINDOWS\System32\ucrtbase.dll
0x00007ffc95ce0000 - 0x00007ffc95cf8000 	C:\Program Files\Java\jdk-11.0.13\bin\jli.dll
0x00007ffca1340000 - 0x00007ffca13ee000 	C:\WINDOWS\System32\ADVAPI32.dll
0x00007ffca13f0000 - 0x00007ffca1493000 	C:\WINDOWS\System32\msvcrt.dll
0x00007ffc8d450000 - 0x00007ffc8d465000 	C:\Program Files\Java\jdk-11.0.13\bin\VCRUNTIME140.dll
0x00007ffca18a0000 - 0x00007ffca193e000 	C:\WINDOWS\System32\sechost.dll
0x00007ffca02a0000 - 0x00007ffca03c0000 	C:\WINDOWS\System32\RPCRT4.dll
0x00007ffca00f0000 - 0x00007ffca029c000 	C:\WINDOWS\System32\USER32.dll
0x00007ffc9f030000 - 0x00007ffc9f056000 	C:\WINDOWS\System32\win32u.dll
0x00007ffc94540000 - 0x00007ffc947e5000 	C:\WINDOWS\WinSxS\amd64_microsoft.windows.common-controls_6595b64144ccf1df_6.0.22000.120_none_9d947278b86cc467\COMCTL32.dll
0x00007ffca00c0000 - 0x00007ffca00e9000 	C:\WINDOWS\System32\GDI32.dll
0x00007ffc9f640000 - 0x00007ffc9f752000 	C:\WINDOWS\System32\gdi32full.dll
0x00007ffc9f820000 - 0x00007ffc9f8bd000 	C:\WINDOWS\System32\msvcp_win.dll
0x00007ffc98690000 - 0x00007ffc9869a000 	C:\WINDOWS\SYSTEM32\VERSION.dll
0x00007ffc9fb10000 - 0x00007ffc9fb41000 	C:\WINDOWS\System32\IMM32.DLL
0x00007ffc80810000 - 0x00007ffc808ab000 	C:\Program Files\Java\jdk-11.0.13\bin\msvcp140.dll
0x00007ffc459e0000 - 0x00007ffc464f3000 	C:\Program Files\Java\jdk-11.0.13\bin\server\jvm.dll
0x00007ffc9fb50000 - 0x00007ffc9fb58000 	C:\WINDOWS\System32\PSAPI.DLL
0x00007ffc9b390000 - 0x00007ffc9b399000 	C:\WINDOWS\SYSTEM32\WSOCK32.dll
0x00007ffc947f0000 - 0x00007ffc94823000 	C:\WINDOWS\SYSTEM32\WINMM.dll
0x00007ffca14a0000 - 0x00007ffca150f000 	C:\WINDOWS\System32\WS2_32.dll
0x00007ffc9e220000 - 0x00007ffc9e238000 	C:\WINDOWS\SYSTEM32\kernel.appcore.dll
0x00007ffc9b400000 - 0x00007ffc9b410000 	C:\Program Files\Java\jdk-11.0.13\bin\verify.dll
0x00007ffc9cb40000 - 0x00007ffc9cd61000 	C:\WINDOWS\SYSTEM32\DBGHELP.DLL
0x00007ffc86f30000 - 0x00007ffc86f61000 	C:\WINDOWS\SYSTEM32\dbgcore.DLL
0x00007ffc9f060000 - 0x00007ffc9f0df000 	C:\WINDOWS\System32\bcryptPrimitives.dll
0x00007ffc8d420000 - 0x00007ffc8d448000 	C:\Program Files\Java\jdk-11.0.13\bin\java.dll
0x00007ffc96000000 - 0x00007ffc9600a000 	C:\Program Files\Java\jdk-11.0.13\bin\jimage.dll
0x00007ffc8d350000 - 0x00007ffc8d366000 	C:\Program Files\Java\jdk-11.0.13\bin\zip.dll
0x00007ffca0a00000 - 0x00007ffca11af000 	C:\WINDOWS\System32\SHELL32.dll
0x00007ffc9d1b0000 - 0x00007ffc9da18000 	C:\WINDOWS\SYSTEM32\windows.storage.dll
0x00007ffca05c0000 - 0x00007ffca0938000 	C:\WINDOWS\System32\combase.dll
0x00007ffc9d040000 - 0x00007ffc9d1a6000 	C:\WINDOWS\SYSTEM32\wintypes.dll
0x00007ffc9ffd0000 - 0x00007ffca00ba000 	C:\WINDOWS\System32\SHCORE.dll
0x00007ffca03c0000 - 0x00007ffca041d000 	C:\WINDOWS\System32\shlwapi.dll
0x00007ffc9ef60000 - 0x00007ffc9ef81000 	C:\WINDOWS\SYSTEM32\profapi.dll
0x00007ffc8d330000 - 0x00007ffc8d349000 	C:\Program Files\Java\jdk-11.0.13\bin\net.dll
0x00007ffc986a0000 - 0x00007ffc987ac000 	C:\WINDOWS\SYSTEM32\WINHTTP.dll
0x00007ffc9e650000 - 0x00007ffc9e6b7000 	C:\WINDOWS\system32\mswsock.dll
0x00007ffc8d310000 - 0x00007ffc8d322000 	C:\Program Files\Java\jdk-11.0.13\bin\nio.dll
0x0000018b2c830000 - 0x0000018b2c833000 	C:\Program Files\Java\jdk-11.0.13\bin\api-ms-win-core-console-l1-1-0.dll
0x0000018b2c840000 - 0x0000018b2c843000 	C:\Program Files\Java\jdk-11.0.13\bin\api-ms-win-core-datetime-l1-1-0.dll
0x0000018b2e7c0000 - 0x0000018b2e7c3000 	C:\Program Files\Java\jdk-11.0.13\bin\api-ms-win-core-debug-l1-1-0.dll
0x0000018b2e7d0000 - 0x0000018b2e7d3000 	C:\Program Files\Java\jdk-11.0.13\bin\api-ms-win-core-errorhandling-l1-1-0.dll
0x0000018b2e7e0000 - 0x0000018b2e7e4000 	C:\Program Files\Java\jdk-11.0.13\bin\api-ms-win-core-file-l1-1-0.dll
0x0000018b2e7f0000 - 0x0000018b2e7f3000 	C:\Program Files\Java\jdk-11.0.13\bin\api-ms-win-core-file-l1-2-0.dll
0x0000018b4db40000 - 0x0000018b4db43000 	C:\Program Files\Java\jdk-11.0.13\bin\api-ms-win-core-file-l2-1-0.dll
0x0000018b4db50000 - 0x0000018b4db53000 	C:\Program Files\Java\jdk-11.0.13\bin\api-ms-win-core-handle-l1-1-0.dll
0x0000018b4db60000 - 0x0000018b4db63000 	C:\Program Files\Java\jdk-11.0.13\bin\api-ms-win-core-heap-l1-1-0.dll
0x0000018b4eb40000 - 0x0000018b4eb43000 	C:\Program Files\Java\jdk-11.0.13\bin\api-ms-win-core-interlocked-l1-1-0.dll
0x0000018b4eb50000 - 0x0000018b4eb53000 	C:\Program Files\Java\jdk-11.0.13\bin\api-ms-win-core-libraryloader-l1-1-0.dll
0x0000018b4eb60000 - 0x0000018b4eb63000 	C:\Program Files\Java\jdk-11.0.13\bin\api-ms-win-core-localization-l1-2-0.dll
0x0000018b4eb70000 - 0x0000018b4eb73000 	C:\Program Files\Java\jdk-11.0.13\bin\api-ms-win-core-memory-l1-1-0.dll
0x0000018b4eb80000 - 0x0000018b4eb83000 	C:\Program Files\Java\jdk-11.0.13\bin\api-ms-win-core-namedpipe-l1-1-0.dll
0x0000018b4eb90000 - 0x0000018b4eb93000 	C:\Program Files\Java\jdk-11.0.13\bin\api-ms-win-core-processenvironment-l1-1-0.dll
0x0000018b4eba0000 - 0x0000018b4eba3000 	C:\Program Files\Java\jdk-11.0.13\bin\api-ms-win-core-processthreads-l1-1-0.dll
0x0000018b4ebb0000 - 0x0000018b4ebb3000 	C:\Program Files\Java\jdk-11.0.13\bin\api-ms-win-core-processthreads-l1-1-1.dll
0x0000018b4ebc0000 - 0x0000018b4ebc3000 	C:\Program Files\Java\jdk-11.0.13\bin\api-ms-win-core-profile-l1-1-0.dll
0x0000018b4ebd0000 - 0x0000018b4ebd3000 	C:\Program Files\Java\jdk-11.0.13\bin\api-ms-win-core-rtlsupport-l1-1-0.dll
0x0000018b4ebe0000 - 0x0000018b4ebe3000 	C:\Program Files\Java\jdk-11.0.13\bin\api-ms-win-core-string-l1-1-0.dll
0x0000018b4ebf0000 - 0x0000018b4ebf3000 	C:\Program Files\Java\jdk-11.0.13\bin\api-ms-win-core-synch-l1-1-0.dll
0x0000018b4ec00000 - 0x0000018b4ec03000 	C:\Program Files\Java\jdk-11.0.13\bin\api-ms-win-core-synch-l1-2-0.dll
0x0000018b4ec10000 - 0x0000018b4ec13000 	C:\Program Files\Java\jdk-11.0.13\bin\api-ms-win-core-sysinfo-l1-1-0.dll
0x0000018b4ec20000 - 0x0000018b4ec23000 	C:\Program Files\Java\jdk-11.0.13\bin\api-ms-win-core-timezone-l1-1-0.dll
0x0000018b4ec30000 - 0x0000018b4ec33000 	C:\Program Files\Java\jdk-11.0.13\bin\api-ms-win-core-util-l1-1-0.dll
0x0000018b4ec40000 - 0x0000018b4ec43000 	C:\Program Files\Java\jdk-11.0.13\bin\api-ms-win-crt-conio-l1-1-0.dll
0x0000018b4ec50000 - 0x0000018b4ec54000 	C:\Program Files\Java\jdk-11.0.13\bin\api-ms-win-crt-convert-l1-1-0.dll
0x0000018b4ec60000 - 0x0000018b4ec63000 	C:\Program Files\Java\jdk-11.0.13\bin\api-ms-win-crt-environment-l1-1-0.dll
0x0000018b4eed0000 - 0x0000018b4eed3000 	C:\Program Files\Java\jdk-11.0.13\bin\api-ms-win-crt-filesystem-l1-1-0.dll
0x0000018b4eee0000 - 0x0000018b4eee3000 	C:\Program Files\Java\jdk-11.0.13\bin\api-ms-win-crt-heap-l1-1-0.dll
0x0000018b4eef0000 - 0x0000018b4eef3000 	C:\Program Files\Java\jdk-11.0.13\bin\api-ms-win-crt-locale-l1-1-0.dll
0x0000018b4ec70000 - 0x0000018b4ec75000 	C:\Program Files\Java\jdk-11.0.13\bin\api-ms-win-crt-math-l1-1-0.dll
0x0000018b4ec80000 - 0x0000018b4ec85000 	C:\Program Files\Java\jdk-11.0.13\bin\api-ms-win-crt-multibyte-l1-1-0.dll
0x0000018b4ec90000 - 0x0000018b4eca0000 	C:\Program Files\Java\jdk-11.0.13\bin\api-ms-win-crt-private-l1-1-0.dll
0x0000018b4eca0000 - 0x0000018b4eca3000 	C:\Program Files\Java\jdk-11.0.13\bin\api-ms-win-crt-process-l1-1-0.dll
0x0000018b4ecb0000 - 0x0000018b4ecb4000 	C:\Program Files\Java\jdk-11.0.13\bin\api-ms-win-crt-runtime-l1-1-0.dll
0x0000018b4ecc0000 - 0x0000018b4ecc4000 	C:\Program Files\Java\jdk-11.0.13\bin\api-ms-win-crt-stdio-l1-1-0.dll
0x0000018b4ecd0000 - 0x0000018b4ecd4000 	C:\Program Files\Java\jdk-11.0.13\bin\api-ms-win-crt-string-l1-1-0.dll
0x0000018b4ece0000 - 0x0000018b4ece3000 	C:\Program Files\Java\jdk-11.0.13\bin\api-ms-win-crt-time-l1-1-0.dll
0x0000018b4ecf0000 - 0x0000018b4ecf3000 	C:\Program Files\Java\jdk-11.0.13\bin\api-ms-win-crt-utility-l1-1-0.dll
0x00007ffc5cd00000 - 0x00007ffc5cdfa000 	C:\Program Files\Java\jdk-11.0.13\bin\ucrtbase.dll
0x00007ffc7ac50000 - 0x00007ffc7ac9e000 	C:\Windows\System32\concrt140.dll
0x00007ffc73f80000 - 0x00007ffc73f8c000 	C:\WINDOWS\SYSTEM32\VCRUNTIME140_1.dll
0x00007ffc7d140000 - 0x00007ffc7d163000 	C:\Users\seokj\.openjfx\cache\11.0.2\prism_d3d.dll
0x00007ffc8e4a0000 - 0x00007ffc8e646000 	C:\WINDOWS\system32\d3d9.dll
0x00007ffc9c580000 - 0x00007ffc9c5af000 	C:\WINDOWS\SYSTEM32\dwmapi.dll
0x00007ffc9c2d0000 - 0x00007ffc9c308000 	C:\WINDOWS\SYSTEM32\dxcore.dll
0x00007ffc9c110000 - 0x00007ffc9c1bc000 	C:\WINDOWS\system32\uxtheme.dll
0x00007ffc39e60000 - 0x00007ffc3a022000 	C:\Windows\System32\DriverStore\FileRepository\iigd_dch.inf_amd64_de2b4d3f134dce87\igdumdim64.dll
0x00007ffc92d70000 - 0x00007ffc92e8a000 	C:\Windows\System32\DriverStore\FileRepository\iigd_dch.inf_amd64_de2b4d3f134dce87\igdgmm64.dll
0x00007ffbfa820000 - 0x00007ffbfe24d000 	C:\Windows\System32\DriverStore\FileRepository\iigd_dch.inf_amd64_de2b4d3f134dce87\igd9dxva64.dll
0x00007ffca1700000 - 0x00007ffca189a000 	C:\WINDOWS\System32\OLE32.dll
0x00007ffca04c0000 - 0x00007ffca0596000 	C:\WINDOWS\System32\OLEAUT32.dll
0x00007ffc98550000 - 0x00007ffc98594000 	C:\WINDOWS\SYSTEM32\directxdatabasehelper.dll
0x00007ffc9c430000 - 0x00007ffc9c464000 	C:\WINDOWS\SYSTEM32\ntmarta.dll
0x00007ffc6df70000 - 0x00007ffc6dfb5000 	C:\Users\seokj\.openjfx\cache\11.0.2\glass.dll
0x00007ffca1610000 - 0x00007ffca16fc000 	C:\WINDOWS\System32\COMDLG32.dll
0x00007ffca11c0000 - 0x00007ffca12de000 	C:\WINDOWS\System32\MSCTF.dll
0x00007ffc59470000 - 0x00007ffc59491000 	C:\Windows\System32\DriverStore\FileRepository\iigd_dch.inf_amd64_de2b4d3f134dce87\igdinfo64.dll
0x00007ffc90da0000 - 0x00007ffc92d68000 	C:\Windows\System32\DriverStore\FileRepository\iigd_dch.inf_amd64_de2b4d3f134dce87\igc64.dll
0x00007ffc7ab20000 - 0x00007ffc7ab34000 	C:\Users\seokj\.openjfx\cache\11.0.2\javafx_font.dll
0x00007ffc7b160000 - 0x00007ffc7b3bf000 	C:\WINDOWS\SYSTEM32\dwrite.dll
0x00007ffc9f9e0000 - 0x00007ffc9fa8f000 	C:\WINDOWS\System32\clbcatq.dll
0x00007ffc96470000 - 0x00007ffc9661e000 	C:\WINDOWS\SYSTEM32\WindowsCodecs.dll
0x00007ffc8a710000 - 0x00007ffc8a76d000 	C:\WINDOWS\system32\dataexchange.dll
0x00007ffc950d0000 - 0x00007ffc95336000 	C:\WINDOWS\system32\twinapi.appcore.dll
0x00007ffc83150000 - 0x00007ffc83182000 	C:\Program Files\Common Files\Microsoft Shared\Ink\rtscom.dll
0x00007ffc895b0000 - 0x00007ffc896dd000 	C:\WINDOWS\SYSTEM32\textinputframework.dll
0x00007ffc9bd30000 - 0x00007ffc9be62000 	C:\WINDOWS\SYSTEM32\CoreMessaging.dll
0x00007ffc977f0000 - 0x00007ffc97b5d000 	C:\WINDOWS\SYSTEM32\CoreUIComponents.dll
0x00007ffc9e8b0000 - 0x00007ffc9e8bc000 	C:\WINDOWS\SYSTEM32\CRYPTBASE.DLL
0x00007ffc6bb70000 - 0x00007ffc6bc47000 	C:\Windows\System32\IME\IMEKR\imkrtip.dll
0x00007ffc9ae30000 - 0x00007ffc9af27000 	C:\WINDOWS\SYSTEM32\PROPSYS.dll
0x00007ffc62cf0000 - 0x00007ffc62e10000 	C:\Windows\System32\IME\shared\imetip.dll
0x00007ffc82f40000 - 0x00007ffc830ff000 	C:\WINDOWS\SYSTEM32\DUI70.dll
0x00007ffc96310000 - 0x00007ffc96379000 	C:\WINDOWS\SYSTEM32\OLEACC.dll
0x00007ffc6b180000 - 0x00007ffc6b1c8000 	C:\Windows\System32\IME\IMEKR\imkrapi.dll
0x00007ffc9ad40000 - 0x00007ffc9ade0000 	C:\WINDOWS\SYSTEM32\policymanager.dll
0x00007ffc9aab0000 - 0x00007ffc9ab42000 	C:\WINDOWS\SYSTEM32\msvcp110_win.dll
0x00007ffc6b130000 - 0x00007ffc6b173000 	C:\Windows\System32\IME\shared\imjkapi.dll
0x00007ffc5cf10000 - 0x00007ffc5cf3c000 	C:\Users\seokj\.openjfx\cache\11.0.2\javafx_iio.dll
0x00007ffc991e0000 - 0x00007ffc99798000 	C:\WINDOWS\SYSTEM32\d2d1.dll
0x00007ffc96e50000 - 0x00007ffc970d0000 	C:\WINDOWS\SYSTEM32\d3d11.dll
0x00007ffc9c310000 - 0x00007ffc9c403000 	C:\WINDOWS\SYSTEM32\dxgi.dll

dbghelp: loaded successfully - version: 4.0.5 - missing functions: none
symbol engine: initialized successfully - sym options: 0x614 - pdb path: .;C:\Program Files\Java\jdk-11.0.13\bin;C:\WINDOWS\SYSTEM32;C:\WINDOWS\WinSxS\amd64_microsoft.windows.common-controls_6595b64144ccf1df_6.0.22000.120_none_9d947278b86cc467;C:\Program Files\Java\jdk-11.0.13\bin\server;C:\Users\seokj\.openjfx\cache\11.0.2;C:\Windows\System32\DriverStore\FileRepository\iigd_dch.inf_amd64_de2b4d3f134dce87;C:\Program Files\Common Files\Microsoft Shared\Ink;C:\Windows\System32\IME\IMEKR;C:\Windows\System32\IME\shared

VM Arguments:
jvm_args: -Dfile.encoding=UTF-8 -Duser.country=KR -Duser.language=ko -Duser.variant --module-path=C:\Users\seokj\study\Gymmer Station\build\libs\GymmerStation-1.0-SNAPSHOT.jar;C:\Users\seokj\study\Gymmer Station\build\classes\java\main;C:\Users\seokj\.gradle\caches\modules-2\files-2.1\org.openjfx\javafx-fxml\11.0.2\b3242e4c031558574de2a1da685bb5fcdbb8a530\javafx-fxml-11.0.2-win.jar;C:\Users\seokj\.gradle\caches\modules-2\files-2.1\org.openjfx\javafx-controls\11.0.2\6c763707769c18adce406904c771c2ad1fcc370b\javafx-controls-11.0.2-win.jar;C:\Users\seokj\.gradle\caches\modules-2\files-2.1\org.openjfx\javafx-controls\11.0.2\4ab633cf1eea60f76e2ae9905aedac862da88b08\javafx-controls-11.0.2.jar;C:\Users\seokj\.gradle\caches\modules-2\files-2.1\org.openjfx\javafx-graphics\11.0.2\20459ea2cf714942bcbeb78a7f70ba3531dc1a44\javafx-graphics-11.0.2-win.jar;C:\Users\seokj\.gradle\caches\modules-2\files-2.1\org.openjfx\javafx-graphics\11.0.2\e522eb4ea422eceeee207b1c266ba3db19b2343a\javafx-graphics-11.0.2.jar;C:\Users\seokj\.gradle\caches\modules-2\files-2.1\org.openjfx\javafx-base\11.0.2\1852e57b8cf9a9b6488c33605bccd5d06ff210e1\javafx-base-11.0.2-win.jar;C:\Users\seokj\.gradle\caches\modules-2\files-2.1\org.openjfx\javafx-base\11.0.2\7fb2e4a8528ec9e434a9ac9ee98b39af79e6dcb8\javafx-base-11.0.2.jar;C:\Users\seokj\.gradle\caches\modules-2\files-2.1\com.google.protobuf\protobuf-java\3.11.4\7ec0925cc3aef0335bbc7d57edfd42b0f86f8267\protobuf-java-3.11.4.jar -Djdk.module.main=com.gymmer.gymmerstation 
java_command: com.gymmer.gymmerstation/com.gymmer.gymmerstation.Main
java_class_path (initial): C:\Users\seokj\study\Gymmer Station\build\resources\main;C:\Users\seokj\.gradle\caches\modules-2\files-2.1\mysql\mysql-connector-java\8.0.28\33678b1729d4f832b9e4bcb2d5bbd67940920a7a\mysql-connector-java-8.0.28.jar
Launcher Type: SUN_STANDARD

[Global flags]
     intx CICompilerCount                          = 4                                         {product} {ergonomic}
     uint ConcGCThreads                            = 2                                         {product} {ergonomic}
     uint G1ConcRefinementThreads                  = 8                                         {product} {ergonomic}
   size_t G1HeapRegionSize                         = 1048576                                   {product} {ergonomic}
    uintx GCDrainStackTargetSize                   = 64                                        {product} {ergonomic}
   size_t InitialHeapSize                          = 132120576                                 {product} {ergonomic}
   size_t MarkStackSize                            = 4194304                                   {product} {ergonomic}
   size_t MaxHeapSize                              = 2105540608                                {product} {ergonomic}
   size_t MaxNewSize                               = 1262485504                                {product} {ergonomic}
   size_t MinHeapDeltaBytes                        = 1048576                                   {product} {ergonomic}
    uintx NonNMethodCodeHeapSize                   = 5836300                                {pd product} {ergonomic}
    uintx NonProfiledCodeHeapSize                  = 122910970                              {pd product} {ergonomic}
    uintx ProfiledCodeHeapSize                     = 122910970                              {pd product} {ergonomic}
    uintx ReservedCodeCacheSize                    = 251658240                              {pd product} {ergonomic}
     bool SegmentedCodeCache                       = true                                      {product} {ergonomic}
     bool UseCompressedClassPointers               = true                                 {lp64_product} {ergonomic}
     bool UseCompressedOops                        = true                                 {lp64_product} {ergonomic}
     bool UseG1GC                                  = true                                      {product} {ergonomic}
     bool UseLargePagesIndividualAllocation        = false                                  {pd product} {ergonomic}

Logging:
Log output configuration:
 #0: stdout all=warning uptime,level,tags
 #1: stderr all=off uptime,level,tags

Environment Variables:
JAVA_HOME=C:\Program Files\Java\jdk-11.0.13
CLASSPATH=C:\Program Files\Java\jdk-11.0.13\lib
PATH=C:\WINDOWS\system32;C:\WINDOWS;C:\WINDOWS\System32\Wbem;C:\WINDOWS\System32\WindowsPowerShell\v1.0\;C:\WINDOWS\System32\OpenSSH\;C:\Program Files\Java\jdk-11.0.13\bin\;C:\Program Files\Git\cmd;C:\Program Files\MySQL\MySQL Shell 8.0\bin\;C:\Users\seokj\AppData\Local\Microsoft\WindowsApps;C:\Users\seokj\AppData\Local\atom\bin;C:\Users\seokj\AppData\Local\Microsoft\WindowsApps;C:\Program Files\JetBrains\IntelliJ IDEA Community Edition 2021.2\bin;;C:\Program Files\Java\jdk-11.0.13\bin;;C:\Users\seokj\AppData\Local\Programs\Microsoft VS Code\bin
USERNAME=seokj
OS=Windows_NT
PROCESSOR_IDENTIFIER=Intel64 Family 6 Model 142 Stepping 11, GenuineIntel



---------------  S Y S T E M  ---------------

OS: Windows 10 , 64 bit Build 22000 (10.0.22000.613)

CPU:total 8 (initial active 8) (4 cores per cpu, 2 threads per core) family 6 model 142 stepping 11 microcode 0xde, cmov, cx8, fxsr, mmx, sse, sse2, sse3, ssse3, sse4.1, sse4.2, popcnt, avx, avx2, aes, clmul, erms, 3dnowpref, lzcnt, ht, tsc, tscinvbit, bmi1, bmi2, adx, fma

Memory: 4k page, system-wide physical 8030M (928M free)
TotalPageFile size 15429M (AvailPageFile size 2424M)
current process WorkingSet (physical memory assigned to process): 223M, peak: 229M
current process commit charge ("private bytes"): 326M, peak: 338M

vm_info: Java HotSpot(TM) 64-Bit Server VM (11.0.13+10-LTS-370) for windows-amd64 JRE (11.0.13+10-LTS-370), built on Sep 15 2021 22:10:36 by "mach5one" with MS VC++ 15.9 (VS2017)

END.
