#
# A fatal error has been detected by the Java Runtime Environment:
#
#  EXCEPTION_ACCESS_VIOLATION (0xc0000005) at pc=0x00007ffc6df8b7f6, pid=16536, tid=15796
#
# JRE version: Java(TM) SE Runtime Environment 18.9 (11.0.13+10) (build 11.0.13+10-LTS-370)
# Java VM: Java HotSpot(TM) 64-Bit Server VM 18.9 (11.0.13+10-LTS-370, mixed mode, tiered, compressed oops, g1 gc, windows-amd64)
# Problematic frame:
# C  [glass.dll+0x1b7f6]
#
# No core dump will be written. Minidumps are not enabled by default on client versions of Windows
#
# If you would like to submit a bug report, please visit:
#   https://bugreport.java.com/bugreport/crash.jsp
# The crash happened outside the Java Virtual Machine in native code.
# See problematic frame for where to report the bug.
#

---------------  S U M M A R Y ------------

Command Line: -Dfile.encoding=UTF-8 -Duser.country=KR -Duser.language=ko -Duser.variant --module-path=C:\Users\seokj\study\Gymmer Station\build\libs\GymmerStation-1.0-SNAPSHOT.jar;C:\Users\seokj\study\Gymmer Station\build\classes\java\main;C:\Users\seokj\.gradle\caches\modules-2\files-2.1\org.openjfx\javafx-fxml\11.0.2\b3242e4c031558574de2a1da685bb5fcdbb8a530\javafx-fxml-11.0.2-win.jar;C:\Users\seokj\.gradle\caches\modules-2\files-2.1\org.openjfx\javafx-controls\11.0.2\6c763707769c18adce406904c771c2ad1fcc370b\javafx-controls-11.0.2-win.jar;C:\Users\seokj\.gradle\caches\modules-2\files-2.1\org.openjfx\javafx-controls\11.0.2\4ab633cf1eea60f76e2ae9905aedac862da88b08\javafx-controls-11.0.2.jar;C:\Users\seokj\.gradle\caches\modules-2\files-2.1\org.openjfx\javafx-graphics\11.0.2\20459ea2cf714942bcbeb78a7f70ba3531dc1a44\javafx-graphics-11.0.2-win.jar;C:\Users\seokj\.gradle\caches\modules-2\files-2.1\org.openjfx\javafx-graphics\11.0.2\e522eb4ea422eceeee207b1c266ba3db19b2343a\javafx-graphics-11.0.2.jar;C:\Users\seokj\.gradle\caches\modules-2\files-2.1\org.openjfx\javafx-base\11.0.2\1852e57b8cf9a9b6488c33605bccd5d06ff210e1\javafx-base-11.0.2-win.jar;C:\Users\seokj\.gradle\caches\modules-2\files-2.1\org.openjfx\javafx-base\11.0.2\7fb2e4a8528ec9e434a9ac9ee98b39af79e6dcb8\javafx-base-11.0.2.jar;C:\Users\seokj\.gradle\caches\modules-2\files-2.1\com.google.protobuf\protobuf-java\3.11.4\7ec0925cc3aef0335bbc7d57edfd42b0f86f8267\protobuf-java-3.11.4.jar -Djdk.module.main=com.gymmer.gymmerstation com.gymmer.gymmerstation/com.gymmer.gymmerstation.Main

Host: Intel(R) Core(TM) i5-8265U CPU @ 1.60GHz, 8 cores, 7G,  Windows 10 , 64 bit Build 22000 (10.0.22000.613)
Time: Fri May 13 21:25:10 2022 대한민국 표준시 elapsed time: 45.522840 seconds (0d 0h 0m 45s)

---------------  T H R E A D  ---------------

Current thread (0x0000026e1b5dd800):  JavaThread "JavaFX Application Thread" [_thread_in_native, id=15796, stack(0x000000fad9500000,0x000000fad9600000)]

Stack: [0x000000fad9500000,0x000000fad9600000],  sp=0x000000fad95fc630,  free space=1009k
Native frames: (J=compiled Java code, j=interpreted, Vv=VM code, C=native code)
C  [glass.dll+0x1b7f6]

Java frames: (J=compiled Java code, j=interpreted, Vv=VM code)
j  com.sun.glass.ui.win.WinWindow._close(J)Z+0 javafx.graphics
j  com.sun.glass.ui.Window.close()V+63 javafx.graphics
j  com.sun.glass.ui.win.WinWindow.close()V+8 javafx.graphics
j  com.sun.glass.ui.Application.terminate()V+75 javafx.graphics
j  com.sun.javafx.tk.quantum.QuantumToolkit.lambda$exit$13()Ljava/lang/Object;+5 javafx.graphics
j  com.sun.javafx.tk.quantum.QuantumToolkit$$Lambda$767.get()Ljava/lang/Object;+0 javafx.graphics
j  com.sun.javafx.tk.quantum.QuantumToolkit.runWithRenderLock(Ljava/util/function/Supplier;)Ljava/lang/Object;+7 javafx.graphics
j  com.sun.javafx.tk.quantum.QuantumToolkit.exit()V+26 javafx.graphics
j  com.sun.javafx.application.PlatformImpl.lambda$tkExit$16()V+3 javafx.graphics
j  com.sun.javafx.application.PlatformImpl$$Lambda$766.run()V+0 javafx.graphics
j  com.sun.javafx.application.PlatformImpl.lambda$runAndWait$12(Ljava/lang/Runnable;Ljava/util/concurrent/CountDownLatch;)V+1 javafx.graphics
j  com.sun.javafx.application.PlatformImpl$$Lambda$101.run()V+8 javafx.graphics
j  com.sun.javafx.application.PlatformImpl.lambda$runLater$10(Ljava/lang/Runnable;)Ljava/lang/Void;+1 javafx.graphics
j  com.sun.javafx.application.PlatformImpl$$Lambda$104.run()Ljava/lang/Object;+4 javafx.graphics
v  ~StubRoutines::call_stub
J 2366  java.security.AccessController.doPrivileged(Ljava/security/PrivilegedAction;Ljava/security/AccessControlContext;)Ljava/lang/Object; java.base@11.0.13 (0 bytes) @ 0x0000026e0f1222a6 [0x0000026e0f122240+0x0000000000000066]
j  com.sun.javafx.application.PlatformImpl.lambda$runLater$11(Ljava/lang/Runnable;Ljava/security/AccessControlContext;)V+7 javafx.graphics
j  com.sun.javafx.application.PlatformImpl$$Lambda$103.run()V+8 javafx.graphics
J 2820 c1 com.sun.glass.ui.InvokeLaterDispatcher$Future.run()V javafx.graphics (91 bytes) @ 0x0000026e07fd6904 [0x0000026e07fd6800+0x0000000000000104]
v  ~StubRoutines::call_stub
j  com.sun.glass.ui.win.WinApplication._runLoop(Ljava/lang/Runnable;)V+0 javafx.graphics
j  com.sun.glass.ui.win.WinApplication.lambda$runLoop$3(ILjava/lang/Runnable;)V+8 javafx.graphics
j  com.sun.glass.ui.win.WinApplication$$Lambda$92.run()V+12 javafx.graphics
j  java.lang.Thread.run()V+11 java.base@11.0.13
v  ~StubRoutines::call_stub

siginfo: EXCEPTION_ACCESS_VIOLATION (0xc0000005), reading address 0x0000000000000130


Register to memory mapping:

RIP=0x00007ffc6df8b7f6 glass.dll
RAX=0x0 is NULL
RBX=0x0 is NULL
RCX=0x0 is NULL
RDX=0x0 is NULL
RSP=0x000000fad95fc630 is pointing into the stack for thread: 0x0000026e1b5dd800
RBP=0x0 is NULL
RSI=0x0000026e1bdb1c90 points into unknown readable memory: 0x00007ffc6df98c48 | 48 8c f9 6d fc 7f 00 00
RDI=0x000000fad95fc990 is pointing into the stack for thread: 0x0000026e1b5dd800
R8 =0x000000fad95fc990 is pointing into the stack for thread: 0x0000026e1b5dd800
R9 =0x0 is NULL
R10=0x00007ffc6df98c48 glass.dll
R11=0x0000000000000246 is an unknown value
R12=0x0 is NULL
R13=0x0000000000000401 is an unknown value
R14=0x0 is NULL
R15=0x0 is NULL


Registers:
RAX=0x0000000000000000, RBX=0x0000000000000000, RCX=0x0000000000000000, RDX=0x0000000000000000
RSP=0x000000fad95fc630, RBP=0x0000000000000000, RSI=0x0000026e1bdb1c90, RDI=0x000000fad95fc990
R8 =0x000000fad95fc990, R9 =0x0000000000000000, R10=0x00007ffc6df98c48, R11=0x0000000000000246
R12=0x0000000000000000, R13=0x0000000000000401, R14=0x0000000000000000, R15=0x0000000000000000
RIP=0x00007ffc6df8b7f6, EFLAGS=0x0000000000010206

Top of Stack: (sp=0x000000fad95fc630)
0x000000fad95fc630:   0000000000000578 0000000000000000
0x000000fad95fc640:   0000000000000000 000000fad95fc650
0x000000fad95fc650:   000000fad95fc990 00007ffc6df8a231
0x000000fad95fc660:   0000000000000000 0000000000000401
0x000000fad95fc670:   0000026e1bdb1c90 0000000000000000
0x000000fad95fc680:   000000fad95fc990 00007ffc6df7a2ad
0x000000fad95fc690:   0000000000000401 00007ffca010aab9
0x000000fad95fc6a0:   0000000000000000 0000000000000001
0x000000fad95fc6b0:   fffffffffffffffe 0000000080000022
0x000000fad95fc6c0:   0000000000000000 00007ffc6df71808
0x000000fad95fc6d0:   0000026e1bdb1c90 000000fad95fc990
0x000000fad95fc6e0:   0000000000000401 00000000002f0a68
0x000000fad95fc6f0:   0000000000000000 00007ffca0101c4c
0x000000fad95fc700:   0000000000000001 000000fad95fc8c8
0x000000fad95fc710:   0000000000000000 0000000080000022
0x000000fad95fc720:   00007ffc46210760 0000026e1aa81188 

Instructions: (pc=0x00007ffc6df8b7f6)
0x00007ffc6df8b7d6:   e6 35 00 00 48 8b c8 e8 fe 34 00 00 48 8b 5c 24
0x00007ffc6df8b7e6:   40 48 83 c4 30 5f c3 cc cc cc 40 57 48 83 ec 20
0x00007ffc6df8b7f6:   48 8b 81 30 01 00 00 48 8b f9 48 85 c0 75 04 48
0x00007ffc6df8b806:   8b 41 08 48 3b 05 f0 15 02 00 75 3b 48 89 5c 24 


Stack slot to memory mapping:
stack at sp + 0 slots: 0x0000000000000578 is an unknown value
stack at sp + 1 slots: 0x0 is NULL
stack at sp + 2 slots: 0x0 is NULL
stack at sp + 3 slots: 0x000000fad95fc650 is pointing into the stack for thread: 0x0000026e1b5dd800
stack at sp + 4 slots: 0x000000fad95fc990 is pointing into the stack for thread: 0x0000026e1b5dd800
stack at sp + 5 slots: 0x00007ffc6df8a231 glass.dll
stack at sp + 6 slots: 0x0 is NULL
stack at sp + 7 slots: 0x0000000000000401 is an unknown value


---------------  P R O C E S S  ---------------

Threads class SMR info:
_java_thread_list=0x0000026e1c6c1090, length=18, elements={
0x0000026e7ad2a800, 0x0000026e1abc3000, 0x0000026e1abcd000, 0x0000026e1b483000,
0x0000026e1abf1000, 0x0000026e1abf4000, 0x0000026e1abfa000, 0x0000026e1abfb000,
0x0000026e1abfc000, 0x0000026e1b5db000, 0x0000026e1b5d9800, 0x0000026e1b5e0000,
0x0000026e1b5dd800, 0x0000026e1b5dc800, 0x0000026e1b5df000, 0x0000026e1b5da000,
0x0000026e1b5dc000, 0x0000026e1b5de800
}

Java Threads: ( => current thread )
  0x0000026e7ad2a800 JavaThread "main" [_thread_blocked, id=10696, stack(0x000000fad8000000,0x000000fad8100000)]
  0x0000026e1abc3000 JavaThread "Reference Handler" daemon [_thread_blocked, id=15620, stack(0x000000fad8700000,0x000000fad8800000)]
  0x0000026e1abcd000 JavaThread "Finalizer" daemon [_thread_blocked, id=6080, stack(0x000000fad8800000,0x000000fad8900000)]
  0x0000026e1b483000 JavaThread "Signal Dispatcher" daemon [_thread_blocked, id=16120, stack(0x000000fad8900000,0x000000fad8a00000)]
  0x0000026e1abf1000 JavaThread "Attach Listener" daemon [_thread_blocked, id=13548, stack(0x000000fad8a00000,0x000000fad8b00000)]
  0x0000026e1abf4000 JavaThread "Service Thread" daemon [_thread_blocked, id=20680, stack(0x000000fad8b00000,0x000000fad8c00000)]
  0x0000026e1abfa000 JavaThread "C2 CompilerThread0" daemon [_thread_blocked, id=13096, stack(0x000000fad8c00000,0x000000fad8d00000)]
  0x0000026e1abfb000 JavaThread "C1 CompilerThread0" daemon [_thread_blocked, id=8848, stack(0x000000fad8d00000,0x000000fad8e00000)]
  0x0000026e1abfc000 JavaThread "Sweeper thread" daemon [_thread_blocked, id=9044, stack(0x000000fad8e00000,0x000000fad8f00000)]
  0x0000026e1b5db000 JavaThread "Common-Cleaner" daemon [_thread_blocked, id=21576, stack(0x000000fad8f00000,0x000000fad9000000)]
  0x0000026e1b5d9800 JavaThread "QuantumRenderer-0" daemon [_thread_blocked, id=17420, stack(0x000000fad9300000,0x000000fad9400000)]
  0x0000026e1b5e0000 JavaThread "InvokeLaterDispatcher" daemon [_thread_blocked, id=16884, stack(0x000000fad9400000,0x000000fad9500000)]
=>0x0000026e1b5dd800 JavaThread "JavaFX Application Thread" [_thread_in_native, id=15796, stack(0x000000fad9500000,0x000000fad9600000)]
  0x0000026e1b5dc800 JavaThread "Thread-1" daemon [_thread_in_native, id=21280, stack(0x000000fad9900000,0x000000fad9a00000)]
  0x0000026e1b5df000 JavaThread "JavaFX-Launcher" [_thread_blocked, id=11564, stack(0x000000fad9a00000,0x000000fad9b00000)]
  0x0000026e1b5da000 JavaThread "Prism Font Disposer" daemon [_thread_blocked, id=13508, stack(0x000000fada000000,0x000000fada100000)]
  0x0000026e1b5dc000 JavaThread "Cleaner-0" daemon [_thread_blocked, id=6964, stack(0x000000fada500000,0x000000fada600000)]
  0x0000026e1b5de800 JavaThread "mysql-cj-abandoned-connection-cleanup" daemon [_thread_blocked, id=10152, stack(0x000000fada600000,0x000000fada700000)]

Other Threads:
  0x0000026e1abbf000 VMThread "VM Thread" [stack: 0x000000fad8600000,0x000000fad8700000] [id=5008]
  0x0000026e1ba5a000 WatcherThread [stack: 0x000000fad9200000,0x000000fad9300000] [id=17444]
  0x0000026e7ad40800 GCTaskThread "GC Thread#0" [stack: 0x000000fad8100000,0x000000fad8200000] [id=21524]
  0x0000026e1bf75000 GCTaskThread "GC Thread#1" [stack: 0x000000fad9b00000,0x000000fad9c00000] [id=19912]
  0x0000026e1c127800 GCTaskThread "GC Thread#2" [stack: 0x000000fad9c00000,0x000000fad9d00000] [id=18848]
  0x0000026e1bf2a800 GCTaskThread "GC Thread#3" [stack: 0x000000fad9d00000,0x000000fad9e00000] [id=18764]
  0x0000026e1bfb1800 GCTaskThread "GC Thread#4" [stack: 0x000000fad9e00000,0x000000fad9f00000] [id=7452]
  0x0000026e1c11c000 GCTaskThread "GC Thread#5" [stack: 0x000000fad9f00000,0x000000fada000000] [id=23088]
  0x0000026e7ad71800 ConcurrentGCThread "G1 Main Marker" [stack: 0x000000fad8200000,0x000000fad8300000] [id=6528]
  0x0000026e7ad73800 ConcurrentGCThread "G1 Conc#0" [stack: 0x000000fad8300000,0x000000fad8400000] [id=14344]
  0x0000026e25043000 ConcurrentGCThread "G1 Conc#1" [stack: 0x000000fada400000,0x000000fada500000] [id=19780]
  0x0000026e7ae06800 ConcurrentGCThread "G1 Refine#0" [stack: 0x000000fad8400000,0x000000fad8500000] [id=21064]
  0x0000026e7ae07800 ConcurrentGCThread "G1 Young RemSet Sampling" [stack: 0x000000fad8500000,0x000000fad8600000] [id=14356]

Threads with active compile tasks:

VM state:not at safepoint (normal execution)

VM Mutex/Monitor currently owned by a thread: None

Heap address: 0x0000000082800000, size: 2008 MB, Compressed Oops mode: 32-bit
Narrow klass base: 0x0000000000000000, Narrow klass shift: 3
Compressed class space size: 1073741824 Address: 0x0000000100000000

Heap:
 garbage-first heap   total 129024K, used 60724K [0x0000000082800000, 0x0000000100000000)
  region size 1024K, 29 young (29696K), 5 survivors (5120K)
 Metaspace       used 32247K, capacity 33450K, committed 33712K, reserved 1079296K
  class space    used 3956K, capacity 4502K, committed 4608K, reserved 1048576K
Heap Regions: E=young(eden), S=young(survivor), O=old, HS=humongous(starts), HC=humongous(continues), CS=collection set, F=free, A=archive, TAMS=top-at-mark-start (previous, next)
|   0|0x0000000082800000, 0x0000000082900000, 0x0000000082900000|100%| O|  |TAMS 0x0000000082859e00, 0x0000000082800000| Untracked 
|   1|0x0000000082900000, 0x0000000082a00000, 0x0000000082a00000|100%|HS|  |TAMS 0x0000000082a00000, 0x0000000082900000| Complete 
|   2|0x0000000082a00000, 0x0000000082b00000, 0x0000000082b00000|100%|HC|  |TAMS 0x0000000082b00000, 0x0000000082a00000| Complete 
|   3|0x0000000082b00000, 0x0000000082c00000, 0x0000000082c00000|100%|HS|  |TAMS 0x0000000082c00000, 0x0000000082b00000| Complete 
|   4|0x0000000082c00000, 0x0000000082d00000, 0x0000000082d00000|100%|HC|  |TAMS 0x0000000082d00000, 0x0000000082c00000| Complete 
|   5|0x0000000082d00000, 0x0000000082e00000, 0x0000000082e00000|100%|HS|  |TAMS 0x0000000082e00000, 0x0000000082d00000| Complete 
|   6|0x0000000082e00000, 0x0000000082f00000, 0x0000000082f00000|100%|HC|  |TAMS 0x0000000082f00000, 0x0000000082e00000| Complete 
|   7|0x0000000082f00000, 0x0000000083000000, 0x0000000083000000|100%|HC|  |TAMS 0x0000000083000000, 0x0000000082f00000| Complete 
|   8|0x0000000083000000, 0x0000000083100000, 0x0000000083100000|100%|HC|  |TAMS 0x0000000083100000, 0x0000000083000000| Complete 
|   9|0x0000000083100000, 0x0000000083200000, 0x0000000083200000|100%|HC|  |TAMS 0x0000000083200000, 0x0000000083100000| Complete 
|  10|0x0000000083200000, 0x0000000083300000, 0x0000000083300000|100%|HC|  |TAMS 0x0000000083300000, 0x0000000083200000| Complete 
|  11|0x0000000083300000, 0x0000000083400000, 0x0000000083400000|100%|HC|  |TAMS 0x0000000083400000, 0x0000000083300000| Complete 
|  12|0x0000000083400000, 0x0000000083500000, 0x0000000083500000|100%|HS|  |TAMS 0x0000000083400000, 0x0000000083400000| Complete 
|  13|0x0000000083500000, 0x0000000083600000, 0x0000000083600000|100%|HC|  |TAMS 0x0000000083500000, 0x0000000083500000| Complete 
|  14|0x0000000083600000, 0x0000000083700000, 0x0000000083700000|100%|HS|  |TAMS 0x0000000083600000, 0x0000000083600000| Complete 
|  15|0x0000000083700000, 0x0000000083800000, 0x0000000083800000|100%|HC|  |TAMS 0x0000000083700000, 0x0000000083700000| Complete 
|  16|0x0000000083800000, 0x0000000083900000, 0x0000000083900000|100%|HS|  |TAMS 0x0000000083800000, 0x0000000083800000| Complete 
|  17|0x0000000083900000, 0x0000000083a00000, 0x0000000083a00000|100%|HC|  |TAMS 0x0000000083900000, 0x0000000083900000| Complete 
|  18|0x0000000083a00000, 0x0000000083b00000, 0x0000000083b00000|100%|HS|  |TAMS 0x0000000083a00000, 0x0000000083a00000| Complete 
|  19|0x0000000083b00000, 0x0000000083c00000, 0x0000000083c00000|100%|HC|  |TAMS 0x0000000083b00000, 0x0000000083b00000| Complete 
|  20|0x0000000083c00000, 0x0000000083d00000, 0x0000000083d00000|100%|HS|  |TAMS 0x0000000083c00000, 0x0000000083c00000| Complete 
|  21|0x0000000083d00000, 0x0000000083e00000, 0x0000000083e00000|100%|HC|  |TAMS 0x0000000083d00000, 0x0000000083d00000| Complete 
|  22|0x0000000083e00000, 0x0000000083f00000, 0x0000000083f00000|100%| O|  |TAMS 0x0000000083e00000, 0x0000000083e00000| Untracked 
|  23|0x0000000083f00000, 0x0000000084000000, 0x0000000084000000|100%| O|  |TAMS 0x0000000083f00000, 0x0000000083f00000| Untracked 
|  24|0x0000000084000000, 0x0000000084100000, 0x0000000084100000|100%| O|  |TAMS 0x0000000084000000, 0x0000000084000000| Untracked 
|  25|0x0000000084100000, 0x0000000084200000, 0x0000000084200000|100%| O|  |TAMS 0x0000000084100000, 0x0000000084100000| Untracked 
|  26|0x0000000084200000, 0x0000000084300000, 0x0000000084300000|100%| O|  |TAMS 0x0000000084200000, 0x0000000084200000| Untracked 
|  27|0x0000000084300000, 0x000000008434d200, 0x0000000084400000| 30%| O|  |TAMS 0x0000000084300000, 0x0000000084300000| Untracked 
|  28|0x0000000084400000, 0x0000000084500000, 0x0000000084500000|100%|HS|  |TAMS 0x0000000084400000, 0x0000000084400000| Complete 
|  29|0x0000000084500000, 0x0000000084600000, 0x0000000084600000|100%|HC|  |TAMS 0x0000000084500000, 0x0000000084500000| Complete 
|  30|0x0000000084600000, 0x0000000084700000, 0x0000000084700000|100%|HS|  |TAMS 0x0000000084600000, 0x0000000084600000| Complete 
|  31|0x0000000084700000, 0x0000000084800000, 0x0000000084800000|100%|HC|  |TAMS 0x0000000084700000, 0x0000000084700000| Complete 
|  32|0x0000000084800000, 0x0000000084800000, 0x0000000084900000|  0%| F|  |TAMS 0x0000000084800000, 0x0000000084800000| Untracked 
|  33|0x0000000084900000, 0x0000000084900000, 0x0000000084a00000|  0%| F|  |TAMS 0x0000000084900000, 0x0000000084900000| Untracked 
|  34|0x0000000084a00000, 0x0000000084a00000, 0x0000000084b00000|  0%| F|  |TAMS 0x0000000084a00000, 0x0000000084a00000| Untracked 
|  35|0x0000000084b00000, 0x0000000084b00000, 0x0000000084c00000|  0%| F|  |TAMS 0x0000000084b00000, 0x0000000084b00000| Untracked 
|  36|0x0000000084c00000, 0x0000000084c00000, 0x0000000084d00000|  0%| F|  |TAMS 0x0000000084c00000, 0x0000000084c00000| Untracked 
|  37|0x0000000084d00000, 0x0000000084d00000, 0x0000000084e00000|  0%| F|  |TAMS 0x0000000084d00000, 0x0000000084d00000| Untracked 
|  38|0x0000000084e00000, 0x0000000084e00000, 0x0000000084f00000|  0%| F|  |TAMS 0x0000000084e00000, 0x0000000084e00000| Untracked 
|  39|0x0000000084f00000, 0x0000000084f00000, 0x0000000085000000|  0%| F|  |TAMS 0x0000000084f00000, 0x0000000084f00000| Untracked 
|  40|0x0000000085000000, 0x0000000085000000, 0x0000000085100000|  0%| F|  |TAMS 0x0000000085000000, 0x0000000085000000| Untracked 
|  41|0x0000000085100000, 0x0000000085100000, 0x0000000085200000|  0%| F|  |TAMS 0x0000000085100000, 0x0000000085100000| Untracked 
|  42|0x0000000085200000, 0x0000000085200000, 0x0000000085300000|  0%| F|  |TAMS 0x0000000085200000, 0x0000000085200000| Untracked 
|  43|0x0000000085300000, 0x0000000085300000, 0x0000000085400000|  0%| F|  |TAMS 0x0000000085300000, 0x0000000085300000| Untracked 
|  44|0x0000000085400000, 0x0000000085400000, 0x0000000085500000|  0%| F|  |TAMS 0x0000000085400000, 0x0000000085400000| Untracked 
|  45|0x0000000085500000, 0x0000000085500000, 0x0000000085600000|  0%| F|  |TAMS 0x0000000085500000, 0x0000000085500000| Untracked 
|  46|0x0000000085600000, 0x0000000085600000, 0x0000000085700000|  0%| F|  |TAMS 0x0000000085600000, 0x0000000085600000| Untracked 
|  47|0x0000000085700000, 0x0000000085700000, 0x0000000085800000|  0%| F|  |TAMS 0x0000000085700000, 0x0000000085700000| Untracked 
|  48|0x0000000085800000, 0x0000000085800000, 0x0000000085900000|  0%| F|  |TAMS 0x0000000085800000, 0x0000000085800000| Untracked 
|  49|0x0000000085900000, 0x0000000085900000, 0x0000000085a00000|  0%| F|  |TAMS 0x0000000085900000, 0x0000000085900000| Untracked 
|  50|0x0000000085a00000, 0x0000000085a00000, 0x0000000085b00000|  0%| F|  |TAMS 0x0000000085a00000, 0x0000000085a00000| Untracked 
|  51|0x0000000085b00000, 0x0000000085b00000, 0x0000000085c00000|  0%| F|  |TAMS 0x0000000085b00000, 0x0000000085b00000| Untracked 
|  52|0x0000000085c00000, 0x0000000085c00000, 0x0000000085d00000|  0%| F|  |TAMS 0x0000000085c00000, 0x0000000085c00000| Untracked 
|  53|0x0000000085d00000, 0x0000000085d00000, 0x0000000085e00000|  0%| F|  |TAMS 0x0000000085d00000, 0x0000000085d00000| Untracked 
|  54|0x0000000085e00000, 0x0000000085e00000, 0x0000000085f00000|  0%| F|  |TAMS 0x0000000085e00000, 0x0000000085e00000| Untracked 
|  55|0x0000000085f00000, 0x0000000085f00000, 0x0000000086000000|  0%| F|  |TAMS 0x0000000085f00000, 0x0000000085f00000| Untracked 
|  56|0x0000000086000000, 0x0000000086000000, 0x0000000086100000|  0%| F|  |TAMS 0x0000000086000000, 0x0000000086000000| Untracked 
|  57|0x0000000086100000, 0x0000000086100000, 0x0000000086200000|  0%| F|  |TAMS 0x0000000086100000, 0x0000000086100000| Untracked 
|  58|0x0000000086200000, 0x0000000086200000, 0x0000000086300000|  0%| F|  |TAMS 0x0000000086200000, 0x0000000086200000| Untracked 
|  59|0x0000000086300000, 0x0000000086300000, 0x0000000086400000|  0%| F|  |TAMS 0x0000000086300000, 0x0000000086300000| Untracked 
|  60|0x0000000086400000, 0x0000000086400000, 0x0000000086500000|  0%| F|  |TAMS 0x0000000086400000, 0x0000000086400000| Untracked 
|  61|0x0000000086500000, 0x0000000086500000, 0x0000000086600000|  0%| F|  |TAMS 0x0000000086500000, 0x0000000086500000| Untracked 
|  62|0x0000000086600000, 0x0000000086600000, 0x0000000086700000|  0%| F|  |TAMS 0x0000000086600000, 0x0000000086600000| Untracked 
|  63|0x0000000086700000, 0x0000000086700000, 0x0000000086800000|  0%| F|  |TAMS 0x0000000086700000, 0x0000000086700000| Untracked 
|  64|0x0000000086800000, 0x0000000086800000, 0x0000000086900000|  0%| F|  |TAMS 0x0000000086800000, 0x0000000086800000| Untracked 
|  65|0x0000000086900000, 0x0000000086900000, 0x0000000086a00000|  0%| F|  |TAMS 0x0000000086900000, 0x0000000086900000| Untracked 
|  66|0x0000000086a00000, 0x0000000086a00000, 0x0000000086b00000|  0%| F|  |TAMS 0x0000000086a00000, 0x0000000086a00000| Untracked 
|  67|0x0000000086b00000, 0x0000000086b00000, 0x0000000086c00000|  0%| F|  |TAMS 0x0000000086b00000, 0x0000000086b00000| Untracked 
|  68|0x0000000086c00000, 0x0000000086c00000, 0x0000000086d00000|  0%| F|  |TAMS 0x0000000086c00000, 0x0000000086c00000| Untracked 
|  69|0x0000000086d00000, 0x0000000086d00000, 0x0000000086e00000|  0%| F|  |TAMS 0x0000000086d00000, 0x0000000086d00000| Untracked 
|  70|0x0000000086e00000, 0x0000000086e00000, 0x0000000086f00000|  0%| F|  |TAMS 0x0000000086e00000, 0x0000000086e00000| Untracked 
|  71|0x0000000086f00000, 0x0000000086f00000, 0x0000000087000000|  0%| F|  |TAMS 0x0000000086f00000, 0x0000000086f00000| Untracked 
|  72|0x0000000087000000, 0x0000000087000000, 0x0000000087100000|  0%| F|  |TAMS 0x0000000087000000, 0x0000000087000000| Untracked 
|  73|0x0000000087100000, 0x00000000871fff38, 0x0000000087200000| 99%| S|CS|TAMS 0x0000000087100000, 0x0000000087100000| Complete 
|  74|0x0000000087200000, 0x0000000087300000, 0x0000000087300000|100%| S|CS|TAMS 0x0000000087200000, 0x0000000087200000| Complete 
|  75|0x0000000087300000, 0x0000000087400000, 0x0000000087400000|100%| S|CS|TAMS 0x0000000087300000, 0x0000000087300000| Complete 
|  76|0x0000000087400000, 0x0000000087500000, 0x0000000087500000|100%| S|CS|TAMS 0x0000000087400000, 0x0000000087400000| Complete 
|  77|0x0000000087500000, 0x0000000087600000, 0x0000000087600000|100%| S|CS|TAMS 0x0000000087500000, 0x0000000087500000| Complete 
|  78|0x0000000087600000, 0x0000000087600000, 0x0000000087700000|  0%| F|  |TAMS 0x0000000087600000, 0x0000000087600000| Untracked 
|  79|0x0000000087700000, 0x0000000087700000, 0x0000000087800000|  0%| F|  |TAMS 0x0000000087700000, 0x0000000087700000| Untracked 
|  80|0x0000000087800000, 0x0000000087800000, 0x0000000087900000|  0%| F|  |TAMS 0x0000000087800000, 0x0000000087800000| Untracked 
|  81|0x0000000087900000, 0x0000000087900000, 0x0000000087a00000|  0%| F|  |TAMS 0x0000000087900000, 0x0000000087900000| Untracked 
|  82|0x0000000087a00000, 0x0000000087a00000, 0x0000000087b00000|  0%| F|  |TAMS 0x0000000087a00000, 0x0000000087a00000| Untracked 
|  83|0x0000000087b00000, 0x0000000087b00000, 0x0000000087c00000|  0%| F|  |TAMS 0x0000000087b00000, 0x0000000087b00000| Untracked 
|  84|0x0000000087c00000, 0x0000000087c00000, 0x0000000087d00000|  0%| F|  |TAMS 0x0000000087c00000, 0x0000000087c00000| Untracked 
|  85|0x0000000087d00000, 0x0000000087d00000, 0x0000000087e00000|  0%| F|  |TAMS 0x0000000087d00000, 0x0000000087d00000| Untracked 
|  86|0x0000000087e00000, 0x0000000087e00000, 0x0000000087f00000|  0%| F|  |TAMS 0x0000000087e00000, 0x0000000087e00000| Untracked 
|  87|0x0000000087f00000, 0x0000000087f00000, 0x0000000088000000|  0%| F|  |TAMS 0x0000000087f00000, 0x0000000087f00000| Untracked 
|  88|0x0000000088000000, 0x0000000088000000, 0x0000000088100000|  0%| F|  |TAMS 0x0000000088000000, 0x0000000088000000| Untracked 
|  89|0x0000000088100000, 0x0000000088100000, 0x0000000088200000|  0%| F|  |TAMS 0x0000000088100000, 0x0000000088100000| Untracked 
|  90|0x0000000088200000, 0x0000000088200000, 0x0000000088300000|  0%| F|  |TAMS 0x0000000088200000, 0x0000000088200000| Untracked 
|  91|0x0000000088300000, 0x0000000088300000, 0x0000000088400000|  0%| F|  |TAMS 0x0000000088300000, 0x0000000088300000| Untracked 
|  92|0x0000000088400000, 0x0000000088400000, 0x0000000088500000|  0%| F|  |TAMS 0x0000000088400000, 0x0000000088400000| Untracked 
|  93|0x0000000088500000, 0x0000000088500000, 0x0000000088600000|  0%| F|  |TAMS 0x0000000088500000, 0x0000000088500000| Untracked 
|  94|0x0000000088600000, 0x0000000088600000, 0x0000000088700000|  0%| F|  |TAMS 0x0000000088600000, 0x0000000088600000| Untracked 
|  95|0x0000000088700000, 0x0000000088700000, 0x0000000088800000|  0%| F|  |TAMS 0x0000000088700000, 0x0000000088700000| Untracked 
|  96|0x0000000088800000, 0x0000000088800000, 0x0000000088900000|  0%| F|  |TAMS 0x0000000088800000, 0x0000000088800000| Untracked 
|  97|0x0000000088900000, 0x0000000088900000, 0x0000000088a00000|  0%| F|  |TAMS 0x0000000088900000, 0x0000000088900000| Untracked 
|  98|0x0000000088a00000, 0x0000000088a00000, 0x0000000088b00000|  0%| F|  |TAMS 0x0000000088a00000, 0x0000000088a00000| Untracked 
|  99|0x0000000088b00000, 0x0000000088b00000, 0x0000000088c00000|  0%| F|  |TAMS 0x0000000088b00000, 0x0000000088b00000| Untracked 
| 100|0x0000000088c00000, 0x0000000088c00000, 0x0000000088d00000|  0%| F|  |TAMS 0x0000000088c00000, 0x0000000088c00000| Untracked 
| 101|0x0000000088d00000, 0x0000000088d00000, 0x0000000088e00000|  0%| F|  |TAMS 0x0000000088d00000, 0x0000000088d00000| Untracked 
| 102|0x0000000088e00000, 0x0000000088f00000, 0x0000000088f00000|100%| E|  |TAMS 0x0000000088e00000, 0x0000000088e00000| Complete 
| 103|0x0000000088f00000, 0x0000000089000000, 0x0000000089000000|100%| E|CS|TAMS 0x0000000088f00000, 0x0000000088f00000| Complete 
| 104|0x0000000089000000, 0x0000000089100000, 0x0000000089100000|100%| E|CS|TAMS 0x0000000089000000, 0x0000000089000000| Complete 
| 105|0x0000000089100000, 0x0000000089200000, 0x0000000089200000|100%| E|CS|TAMS 0x0000000089100000, 0x0000000089100000| Complete 
| 106|0x0000000089200000, 0x0000000089300000, 0x0000000089300000|100%| E|CS|TAMS 0x0000000089200000, 0x0000000089200000| Complete 
| 107|0x0000000089300000, 0x0000000089400000, 0x0000000089400000|100%| E|CS|TAMS 0x0000000089300000, 0x0000000089300000| Complete 
| 108|0x0000000089400000, 0x0000000089500000, 0x0000000089500000|100%| E|CS|TAMS 0x0000000089400000, 0x0000000089400000| Complete 
| 109|0x0000000089500000, 0x0000000089600000, 0x0000000089600000|100%| E|CS|TAMS 0x0000000089500000, 0x0000000089500000| Complete 
| 110|0x0000000089600000, 0x0000000089700000, 0x0000000089700000|100%| E|CS|TAMS 0x0000000089600000, 0x0000000089600000| Complete 
| 111|0x0000000089700000, 0x0000000089800000, 0x0000000089800000|100%| E|CS|TAMS 0x0000000089700000, 0x0000000089700000| Complete 
| 112|0x0000000089800000, 0x0000000089900000, 0x0000000089900000|100%| E|CS|TAMS 0x0000000089800000, 0x0000000089800000| Complete 
| 113|0x0000000089900000, 0x0000000089a00000, 0x0000000089a00000|100%| E|CS|TAMS 0x0000000089900000, 0x0000000089900000| Complete 
| 114|0x0000000089a00000, 0x0000000089b00000, 0x0000000089b00000|100%| E|CS|TAMS 0x0000000089a00000, 0x0000000089a00000| Complete 
| 115|0x0000000089b00000, 0x0000000089c00000, 0x0000000089c00000|100%| E|CS|TAMS 0x0000000089b00000, 0x0000000089b00000| Complete 
| 116|0x0000000089c00000, 0x0000000089d00000, 0x0000000089d00000|100%| E|CS|TAMS 0x0000000089c00000, 0x0000000089c00000| Complete 
| 117|0x0000000089d00000, 0x0000000089e00000, 0x0000000089e00000|100%| E|CS|TAMS 0x0000000089d00000, 0x0000000089d00000| Complete 
| 118|0x0000000089e00000, 0x0000000089f00000, 0x0000000089f00000|100%| E|CS|TAMS 0x0000000089e00000, 0x0000000089e00000| Complete 
| 119|0x0000000089f00000, 0x000000008a000000, 0x000000008a000000|100%| E|CS|TAMS 0x0000000089f00000, 0x0000000089f00000| Complete 
| 120|0x000000008a000000, 0x000000008a100000, 0x000000008a100000|100%| E|CS|TAMS 0x000000008a000000, 0x000000008a000000| Complete 
| 121|0x000000008a100000, 0x000000008a200000, 0x000000008a200000|100%| E|CS|TAMS 0x000000008a100000, 0x000000008a100000| Complete 
| 122|0x000000008a200000, 0x000000008a300000, 0x000000008a300000|100%| E|CS|TAMS 0x000000008a200000, 0x000000008a200000| Complete 
| 123|0x000000008a300000, 0x000000008a400000, 0x000000008a400000|100%| E|CS|TAMS 0x000000008a300000, 0x000000008a300000| Complete 
| 124|0x000000008a400000, 0x000000008a500000, 0x000000008a500000|100%| E|CS|TAMS 0x000000008a400000, 0x000000008a400000| Complete 
| 125|0x000000008a500000, 0x000000008a600000, 0x000000008a600000|100%| E|CS|TAMS 0x000000008a500000, 0x000000008a500000| Complete 

Card table byte_map: [0x0000026e7d460000,0x0000026e7d850000] _byte_map_base: 0x0000026e7d04c000

Marking Bits (Prev, Next): (CMBitMap*) 0x0000026e7ad68d60, (CMBitMap*) 0x0000026e7ad68d28
 Prev Bits: [0x0000026e16550000, 0x0000026e184b0000)
 Next Bits: [0x0000026e7dc40000, 0x0000026e7fba0000)

Polling page: 0x0000026e7ae10000

Metaspace:

Usage:
  Non-class:     28.27 MB capacity,    27.63 MB ( 98%) used,   512.01 KB (  2%) free+waste,   144.81 KB ( <1%) overhead. 
      Class:      4.40 MB capacity,     3.86 MB ( 88%) used,   470.82 KB ( 10%) free+waste,    74.50 KB (  2%) overhead. 
       Both:     32.67 MB capacity,    31.49 MB ( 96%) used,   982.83 KB (  3%) free+waste,   219.31 KB ( <1%) overhead. 

Virtual space:
  Non-class space:       30.00 MB reserved,      28.42 MB ( 95%) committed 
      Class space:        1.00 GB reserved,       4.50 MB ( <1%) committed 
             Both:        1.03 GB reserved,      32.92 MB (  3%) committed 

Chunk freelists:
   Non-Class:  3.50 KB
       Class:  1.25 KB
        Both:  4.75 KB

CodeHeap 'non-profiled nmethods': size=120000Kb used=2841Kb max_used=2841Kb free=117158Kb
 bounds [0x0000026e0f020000, 0x0000026e0f2f0000, 0x0000026e16550000]
CodeHeap 'profiled nmethods': size=120000Kb used=11941Kb max_used=11941Kb free=108059Kb
 bounds [0x0000026e07af0000, 0x0000026e086a0000, 0x0000026e0f020000]
CodeHeap 'non-nmethods': size=5760Kb used=1390Kb max_used=1423Kb free=4369Kb
 bounds [0x0000026e07550000, 0x0000026e077c0000, 0x0000026e07af0000]
 total_blobs=6373 nmethods=5528 adapters=755
 compilation: enabled
              stopped_count=0, restarted_count=0
 full_count=0

Compilation events (10 events):
Event: 45.478 Thread 0x0000026e1abfb000 5525       3       javafx.scene.Scene::getFocusOwner (11 bytes)
Event: 45.479 Thread 0x0000026e1abfb000 nmethod 5525 0x0000026e08697c10 code [0x0000026e08697dc0, 0x0000026e086981a8]
Event: 45.487 Thread 0x0000026e1abfb000 5526       1       java.lang.Module::getName (5 bytes)
Event: 45.487 Thread 0x0000026e1abfb000 nmethod 5526 0x0000026e0f2e6490 code [0x0000026e0f2e6620, 0x0000026e0f2e66d8]
Event: 45.488 Thread 0x0000026e1abfb000 5527   !   3       java.nio.CharBuffer::wrap (20 bytes)
Event: 45.488 Thread 0x0000026e1abfb000 nmethod 5527 0x0000026e08698310 code [0x0000026e086984e0, 0x0000026e086988b8]
Event: 45.488 Thread 0x0000026e1abfb000 5528       3       java.nio.HeapCharBuffer::<init> (21 bytes)
Event: 45.488 Thread 0x0000026e1abfb000 nmethod 5528 0x0000026e08698b10 code [0x0000026e08698cc0, 0x0000026e08698ee8]
Event: 45.488 Thread 0x0000026e1abfb000 5529       3       java.nio.ByteBuffer::clear (7 bytes)
Event: 45.488 Thread 0x0000026e1abfb000 nmethod 5529 0x0000026e08699010 code [0x0000026e086991a0, 0x0000026e08699318]

GC Heap History (6 events):
Event: 0.776 GC heap before
{Heap before GC invocations=0 (full 0):
 garbage-first heap   total 129024K, used 23552K [0x0000000082800000, 0x0000000100000000)
  region size 1024K, 24 young (24576K), 0 survivors (0K)
 Metaspace       used 12373K, capacity 12753K, committed 12800K, reserved 1060864K
  class space    used 1331K, capacity 1493K, committed 1536K, reserved 1048576K
}
Event: 0.779 GC heap after
{Heap after GC invocations=1 (full 0):
 garbage-first heap   total 129024K, used 3431K [0x0000000082800000, 0x0000000100000000)
  region size 1024K, 3 young (3072K), 3 survivors (3072K)
 Metaspace       used 12373K, capacity 12753K, committed 12800K, reserved 1060864K
  class space    used 1331K, capacity 1493K, committed 1536K, reserved 1048576K
}
Event: 1.548 GC heap before
{Heap before GC invocations=1 (full 0):
 garbage-first heap   total 129024K, used 47463K [0x0000000082800000, 0x0000000100000000)
  region size 1024K, 32 young (32768K), 3 survivors (3072K)
 Metaspace       used 20498K, capacity 21087K, committed 21296K, reserved 1067008K
  class space    used 2537K, capacity 2823K, committed 2944K, reserved 1048576K
}
Event: 1.556 GC heap after
{Heap after GC invocations=2 (full 0):
 garbage-first heap   total 129024K, used 19954K [0x0000000082800000, 0x0000000100000000)
  region size 1024K, 7 young (7168K), 7 survivors (7168K)
 Metaspace       used 20498K, capacity 21087K, committed 21296K, reserved 1067008K
  class space    used 2537K, capacity 2823K, committed 2944K, reserved 1048576K
}
Event: 18.932 GC heap before
{Heap before GC invocations=3 (full 0):
 garbage-first heap   total 129024K, used 70130K [0x0000000082800000, 0x0000000100000000)
  region size 1024K, 48 young (49152K), 7 survivors (7168K)
 Metaspace       used 30912K, capacity 32070K, committed 32304K, reserved 1077248K
  class space    used 3865K, capacity 4371K, committed 4480K, reserved 1048576K
}
Event: 18.941 GC heap after
{Heap after GC invocations=4 (full 0):
 garbage-first heap   total 129024K, used 26932K [0x0000000082800000, 0x0000000100000000)
  region size 1024K, 5 young (5120K), 5 survivors (5120K)
 Metaspace       used 30912K, capacity 32070K, committed 32304K, reserved 1077248K
  class space    used 3865K, capacity 4371K, committed 4480K, reserved 1048576K
}

Deoptimization events (10 events):
Event: 40.033 Thread 0x0000026e1b5dd800 Uncommon trap: reason=class_check action=maybe_recompile pc=0x0000026e0f1c4998 method=com.sun.javafx.collections.VetoableListDecorator.size()I @ 4 c2
Event: 40.033 Thread 0x0000026e1b5dd800 Uncommon trap: reason=class_check action=maybe_recompile pc=0x0000026e0f1c4998 method=com.sun.javafx.collections.VetoableListDecorator.size()I @ 4 c2
Event: 40.054 Thread 0x0000026e1b5dd800 Uncommon trap: reason=unstable_if action=reinterpret pc=0x0000026e0f28c0f4 method=javafx.scene.Node.pickNode(Lcom/sun/javafx/geom/PickRay;Lcom/sun/javafx/scene/input/PickResultChooser;)V @ 11 c2
Event: 40.054 Thread 0x0000026e1b5dd800 Uncommon trap: reason=unstable_if action=reinterpret pc=0x0000026e0f283900 method=javafx.scene.Node.pickNode(Lcom/sun/javafx/geom/PickRay;Lcom/sun/javafx/scene/input/PickResultChooser;)V @ 11 c2
Event: 40.081 Thread 0x0000026e1b5d9800 Uncommon trap: reason=profile_predicate action=maybe_recompile pc=0x0000026e0f2b8294 method=com.sun.prism.impl.shape.DMarlinPrismUtils.feedConsumer(Lcom/sun/marlin/DRendererContext;Lcom/sun/javafx/geom/Path2D;Lcom/sun/javafx/geom/transform/BaseTransform;L
Event: 41.181 Thread 0x0000026e1b5d9800 Uncommon trap: reason=profile_predicate action=maybe_recompile pc=0x0000026e0f2b8294 method=com.sun.prism.impl.shape.DMarlinPrismUtils.feedConsumer(Lcom/sun/marlin/DRendererContext;Lcom/sun/javafx/geom/Path2D;Lcom/sun/javafx/geom/transform/BaseTransform;L
Event: 41.183 Thread 0x0000026e1b5d9800 Uncommon trap: reason=profile_predicate action=maybe_recompile pc=0x0000026e0f2b8294 method=com.sun.prism.impl.shape.DMarlinPrismUtils.feedConsumer(Lcom/sun/marlin/DRendererContext;Lcom/sun/javafx/geom/Path2D;Lcom/sun/javafx/geom/transform/BaseTransform;L
Event: 42.551 Thread 0x0000026e1b5d9800 Uncommon trap: reason=unstable_if action=reinterpret pc=0x0000026e0f1852fc method=com.sun.marlin.DRenderer._endRendering(IILcom/sun/marlin/MarlinAlphaConsumer;)V @ 1978 c2
Event: 42.629 Thread 0x0000026e1b5d9800 Uncommon trap: reason=profile_predicate action=maybe_recompile pc=0x0000026e0f2b8294 method=com.sun.prism.impl.shape.DMarlinPrismUtils.feedConsumer(Lcom/sun/marlin/DRendererContext;Lcom/sun/javafx/geom/Path2D;Lcom/sun/javafx/geom/transform/BaseTransform;L
Event: 45.449 Thread 0x0000026e1b5dd800 Uncommon trap: reason=profile_predicate action=maybe_recompile pc=0x0000026e0f2a2e30 method=com.sun.javafx.event.CompositeEventHandler.dispatchBubblingEvent(Ljavafx/event/Event;)V @ 8 c2

Classes redefined (0 events):
No events

Internal exceptions (10 events):
Event: 1.736 Thread 0x0000026e1b5dd800 Exception <a 'java/lang/NoSuchMethodError'{0x0000000089f755d8}: java.lang.invoke.DirectMethodHandle$Holder.invokeStaticInit(Ljava/lang/Object;Ljava/lang/Object;Ljava/lang/Object;)J> (0x0000000089f755d8) thrown at [./open/src/hotspot/share/interpreter/link
Event: 1.739 Thread 0x0000026e1b5dd800 Exception <a 'java/lang/NoSuchMethodError'{0x0000000089e0dcf8}: java.lang.invoke.DirectMethodHandle$Holder.invokeStatic(Ljava/lang/Object;Ljava/lang/Object;J)Ljava/lang/Object;> (0x0000000089e0dcf8) thrown at [./open/src/hotspot/share/interpreter/linkReso
Event: 1.739 Thread 0x0000026e1b5dd800 Exception <a 'java/lang/NoSuchMethodError'{0x0000000089e14118}: java.lang.invoke.Invokers$Holder.linkToTargetMethod(Ljava/lang/Object;JLjava/lang/Object;)Ljava/lang/Object;> (0x0000000089e14118) thrown at [./open/src/hotspot/share/interpreter/linkResolver
Event: 1.828 Thread 0x0000026e1b5d9800 Exception <a 'java/lang/NoSuchMethodError'{0x0000000089b733d0}: java.lang.invoke.DirectMethodHandle$Holder.invokeStaticInit(Ljava/lang/Object;I)Ljava/lang/Object;> (0x0000000089b733d0) thrown at [./open/src/hotspot/share/interpreter/linkResolver.cpp, line
Event: 2.795 Thread 0x0000026e1b5dd800 Exception <a 'java/lang/NoSuchMethodError'{0x000000008993d748}: java.lang.invoke.DirectMethodHandle$Holder.invokeStatic(Ljava/lang/Object;Ljava/lang/Object;IIIIILjava/lang/Object;)Ljava/lang/Object;> (0x000000008993d748) thrown at [./open/src/hotspot/shar
Event: 2.795 Thread 0x0000026e1b5dd800 Exception <a 'java/lang/NoSuchMethodError'{0x000000008994e270}: java.lang.invoke.DirectMethodHandle$Holder.invokeStatic(Ljava/lang/Object;Ljava/lang/Object;Ljava/lang/Object;IIIII)Ljava/lang/Object;> (0x000000008994e270) thrown at [./open/src/hotspot/shar
Event: 2.796 Thread 0x0000026e1b5dd800 Exception <a 'java/lang/NoSuchMethodError'{0x0000000089954d78}: java.lang.invoke.Invokers$Holder.linkToTargetMethod(Ljava/lang/Object;Ljava/lang/Object;IIIIILjava/lang/Object;)Ljava/lang/Object;> (0x0000000089954d78) thrown at [./open/src/hotspot/share/in
Event: 15.243 Thread 0x0000026e1b5dd800 Exception <a 'java/lang/NoSuchMethodError'{0x0000000088e58240}: java.lang.invoke.Invokers$Holder.linkToTargetMethod(Ljava/lang/Object;IILjava/lang/Object;)Ljava/lang/Object;> (0x0000000088e58240) thrown at [./open/src/hotspot/share/interpreter/linkResolve
Event: 16.821 Thread 0x0000026e1b5dd800 Exception <a 'java/lang/NoSuchMethodError'{0x0000000088a7f788}: java.lang.invoke.DirectMethodHandle$Holder.invokeVirtual(Ljava/lang/Object;Ljava/lang/Object;Ljava/lang/Object;)Ljava/lang/Object;> (0x0000000088a7f788) thrown at [./open/src/hotspot/share/in
Event: 45.487 Thread 0x0000026e1b5dd800 Exception <a 'java/lang/IllegalArgumentException'{0x0000000088e0ccc8}> (0x0000000088e0ccc8) thrown at [./open/src/hotspot/share/prims/jvm.cpp, line 1309]

Events (10 events):
Event: 45.449 Thread 0x0000026e1b5dd800 DEOPT PACKING pc=0x0000026e0f2a2e30 sp=0x000000fad95f47f0
Event: 45.449 Thread 0x0000026e1b5dd800 DEOPT UNPACKING pc=0x0000026e0757662f sp=0x000000fad95f46e8 mode 2
Event: 45.462 loading class javafx/application/Application
Event: 45.462 loading class javafx/application/Application done
Event: 45.462 loading class javafx/application/Application
Event: 45.462 loading class javafx/application/Application done
Event: 45.487 loading class java/lang/Throwable$WrappedPrintStream
Event: 45.487 loading class java/lang/Throwable$PrintStreamOrWriter
Event: 45.487 loading class java/lang/Throwable$PrintStreamOrWriter done
Event: 45.487 loading class java/lang/Throwable$WrappedPrintStream done


Dynamic libraries:
0x00007ff73bcf0000 - 0x00007ff73bcff000 	C:\Program Files\Java\jdk-11.0.13\bin\java.exe
0x00007ffca1b40000 - 0x00007ffca1d49000 	C:\WINDOWS\SYSTEM32\ntdll.dll
0x00007ffca0940000 - 0x00007ffca09fd000 	C:\WINDOWS\System32\KERNEL32.DLL
0x00007ffc9f250000 - 0x00007ffc9f5c4000 	C:\WINDOWS\System32\KERNELBASE.dll
0x00007ffc9f8c0000 - 0x00007ffc9f9d1000 	C:\WINDOWS\System32\ucrtbase.dll
0x00007ffc95ce0000 - 0x00007ffc95cf8000 	C:\Program Files\Java\jdk-11.0.13\bin\jli.dll
0x00007ffca1340000 - 0x00007ffca13ee000 	C:\WINDOWS\System32\ADVAPI32.dll
0x00007ffc8d450000 - 0x00007ffc8d465000 	C:\Program Files\Java\jdk-11.0.13\bin\VCRUNTIME140.dll
0x00007ffca13f0000 - 0x00007ffca1493000 	C:\WINDOWS\System32\msvcrt.dll
0x00007ffca18a0000 - 0x00007ffca193e000 	C:\WINDOWS\System32\sechost.dll
0x00007ffca02a0000 - 0x00007ffca03c0000 	C:\WINDOWS\System32\RPCRT4.dll
0x00007ffca00f0000 - 0x00007ffca029c000 	C:\WINDOWS\System32\USER32.dll
0x00007ffc94540000 - 0x00007ffc947e5000 	C:\WINDOWS\WinSxS\amd64_microsoft.windows.common-controls_6595b64144ccf1df_6.0.22000.120_none_9d947278b86cc467\COMCTL32.dll
0x00007ffc9f030000 - 0x00007ffc9f056000 	C:\WINDOWS\System32\win32u.dll
0x00007ffca00c0000 - 0x00007ffca00e9000 	C:\WINDOWS\System32\GDI32.dll
0x00007ffc9f640000 - 0x00007ffc9f752000 	C:\WINDOWS\System32\gdi32full.dll
0x00007ffc9f820000 - 0x00007ffc9f8bd000 	C:\WINDOWS\System32\msvcp_win.dll
0x00007ffc98690000 - 0x00007ffc9869a000 	C:\WINDOWS\SYSTEM32\VERSION.dll
0x00007ffc9fb10000 - 0x00007ffc9fb41000 	C:\WINDOWS\System32\IMM32.DLL
0x00007ffc80810000 - 0x00007ffc808ab000 	C:\Program Files\Java\jdk-11.0.13\bin\msvcp140.dll
0x00007ffc459e0000 - 0x00007ffc464f3000 	C:\Program Files\Java\jdk-11.0.13\bin\server\jvm.dll
0x00007ffc9fb50000 - 0x00007ffc9fb58000 	C:\WINDOWS\System32\PSAPI.DLL
0x00007ffc947f0000 - 0x00007ffc94823000 	C:\WINDOWS\SYSTEM32\WINMM.dll
0x00007ffc9b390000 - 0x00007ffc9b399000 	C:\WINDOWS\SYSTEM32\WSOCK32.dll
0x00007ffca14a0000 - 0x00007ffca150f000 	C:\WINDOWS\System32\WS2_32.dll
0x00007ffc9e220000 - 0x00007ffc9e238000 	C:\WINDOWS\SYSTEM32\kernel.appcore.dll
0x00007ffc9b400000 - 0x00007ffc9b410000 	C:\Program Files\Java\jdk-11.0.13\bin\verify.dll
0x00007ffc9cb40000 - 0x00007ffc9cd61000 	C:\WINDOWS\SYSTEM32\DBGHELP.DLL
0x00007ffc86f30000 - 0x00007ffc86f61000 	C:\WINDOWS\SYSTEM32\dbgcore.DLL
0x00007ffc9f060000 - 0x00007ffc9f0df000 	C:\WINDOWS\System32\bcryptPrimitives.dll
0x00007ffc8d420000 - 0x00007ffc8d448000 	C:\Program Files\Java\jdk-11.0.13\bin\java.dll
0x00007ffc96000000 - 0x00007ffc9600a000 	C:\Program Files\Java\jdk-11.0.13\bin\jimage.dll
0x00007ffc8d350000 - 0x00007ffc8d366000 	C:\Program Files\Java\jdk-11.0.13\bin\zip.dll
0x00007ffca0a00000 - 0x00007ffca11af000 	C:\WINDOWS\System32\SHELL32.dll
0x00007ffc9d1b0000 - 0x00007ffc9da18000 	C:\WINDOWS\SYSTEM32\windows.storage.dll
0x00007ffca05c0000 - 0x00007ffca0938000 	C:\WINDOWS\System32\combase.dll
0x00007ffc9d040000 - 0x00007ffc9d1a6000 	C:\WINDOWS\SYSTEM32\wintypes.dll
0x00007ffc9ffd0000 - 0x00007ffca00ba000 	C:\WINDOWS\System32\SHCORE.dll
0x00007ffca03c0000 - 0x00007ffca041d000 	C:\WINDOWS\System32\shlwapi.dll
0x00007ffc9ef60000 - 0x00007ffc9ef81000 	C:\WINDOWS\SYSTEM32\profapi.dll
0x00007ffc8d330000 - 0x00007ffc8d349000 	C:\Program Files\Java\jdk-11.0.13\bin\net.dll
0x00007ffc986a0000 - 0x00007ffc987ac000 	C:\WINDOWS\SYSTEM32\WINHTTP.dll
0x00007ffc9e650000 - 0x00007ffc9e6b7000 	C:\WINDOWS\system32\mswsock.dll
0x00007ffc8d310000 - 0x00007ffc8d322000 	C:\Program Files\Java\jdk-11.0.13\bin\nio.dll
0x0000026e1c040000 - 0x0000026e1c043000 	C:\Program Files\Java\jdk-11.0.13\bin\api-ms-win-core-console-l1-1-0.dll
0x0000026e1c050000 - 0x0000026e1c053000 	C:\Program Files\Java\jdk-11.0.13\bin\api-ms-win-core-datetime-l1-1-0.dll
0x0000026e1c060000 - 0x0000026e1c063000 	C:\Program Files\Java\jdk-11.0.13\bin\api-ms-win-core-debug-l1-1-0.dll
0x0000026e1c070000 - 0x0000026e1c073000 	C:\Program Files\Java\jdk-11.0.13\bin\api-ms-win-core-errorhandling-l1-1-0.dll
0x0000026e1c080000 - 0x0000026e1c084000 	C:\Program Files\Java\jdk-11.0.13\bin\api-ms-win-core-file-l1-1-0.dll
0x0000026e1c090000 - 0x0000026e1c093000 	C:\Program Files\Java\jdk-11.0.13\bin\api-ms-win-core-file-l1-2-0.dll
0x0000026e1c0a0000 - 0x0000026e1c0a3000 	C:\Program Files\Java\jdk-11.0.13\bin\api-ms-win-core-file-l2-1-0.dll
0x0000026e1c0b0000 - 0x0000026e1c0b3000 	C:\Program Files\Java\jdk-11.0.13\bin\api-ms-win-core-handle-l1-1-0.dll
0x0000026e1d090000 - 0x0000026e1d093000 	C:\Program Files\Java\jdk-11.0.13\bin\api-ms-win-core-heap-l1-1-0.dll
0x0000026e1d0a0000 - 0x0000026e1d0a3000 	C:\Program Files\Java\jdk-11.0.13\bin\api-ms-win-core-interlocked-l1-1-0.dll
0x0000026e1d0b0000 - 0x0000026e1d0b3000 	C:\Program Files\Java\jdk-11.0.13\bin\api-ms-win-core-libraryloader-l1-1-0.dll
0x0000026e1d0c0000 - 0x0000026e1d0c3000 	C:\Program Files\Java\jdk-11.0.13\bin\api-ms-win-core-localization-l1-2-0.dll
0x0000026e1d0d0000 - 0x0000026e1d0d3000 	C:\Program Files\Java\jdk-11.0.13\bin\api-ms-win-core-memory-l1-1-0.dll
0x0000026e1d0e0000 - 0x0000026e1d0e3000 	C:\Program Files\Java\jdk-11.0.13\bin\api-ms-win-core-namedpipe-l1-1-0.dll
0x0000026e1d0f0000 - 0x0000026e1d0f3000 	C:\Program Files\Java\jdk-11.0.13\bin\api-ms-win-core-processenvironment-l1-1-0.dll
0x0000026e1d100000 - 0x0000026e1d103000 	C:\Program Files\Java\jdk-11.0.13\bin\api-ms-win-core-processthreads-l1-1-0.dll
0x0000026e1d110000 - 0x0000026e1d113000 	C:\Program Files\Java\jdk-11.0.13\bin\api-ms-win-core-processthreads-l1-1-1.dll
0x0000026e1d120000 - 0x0000026e1d123000 	C:\Program Files\Java\jdk-11.0.13\bin\api-ms-win-core-profile-l1-1-0.dll
0x0000026e1d130000 - 0x0000026e1d133000 	C:\Program Files\Java\jdk-11.0.13\bin\api-ms-win-core-rtlsupport-l1-1-0.dll
0x0000026e1d140000 - 0x0000026e1d143000 	C:\Program Files\Java\jdk-11.0.13\bin\api-ms-win-core-string-l1-1-0.dll
0x0000026e1d150000 - 0x0000026e1d153000 	C:\Program Files\Java\jdk-11.0.13\bin\api-ms-win-core-synch-l1-1-0.dll
0x0000026e1d160000 - 0x0000026e1d163000 	C:\Program Files\Java\jdk-11.0.13\bin\api-ms-win-core-synch-l1-2-0.dll
0x0000026e1d170000 - 0x0000026e1d173000 	C:\Program Files\Java\jdk-11.0.13\bin\api-ms-win-core-sysinfo-l1-1-0.dll
0x0000026e1d180000 - 0x0000026e1d183000 	C:\Program Files\Java\jdk-11.0.13\bin\api-ms-win-core-timezone-l1-1-0.dll
0x0000026e1d190000 - 0x0000026e1d193000 	C:\Program Files\Java\jdk-11.0.13\bin\api-ms-win-core-util-l1-1-0.dll
0x0000026e1d1a0000 - 0x0000026e1d1a3000 	C:\Program Files\Java\jdk-11.0.13\bin\api-ms-win-crt-conio-l1-1-0.dll
0x0000026e1d1b0000 - 0x0000026e1d1b4000 	C:\Program Files\Java\jdk-11.0.13\bin\api-ms-win-crt-convert-l1-1-0.dll
0x0000026e1d1c0000 - 0x0000026e1d1c3000 	C:\Program Files\Java\jdk-11.0.13\bin\api-ms-win-crt-environment-l1-1-0.dll
0x0000026e1d1d0000 - 0x0000026e1d1d3000 	C:\Program Files\Java\jdk-11.0.13\bin\api-ms-win-crt-filesystem-l1-1-0.dll
0x0000026e1d440000 - 0x0000026e1d443000 	C:\Program Files\Java\jdk-11.0.13\bin\api-ms-win-crt-heap-l1-1-0.dll
0x0000026e1d450000 - 0x0000026e1d453000 	C:\Program Files\Java\jdk-11.0.13\bin\api-ms-win-crt-locale-l1-1-0.dll
0x0000026e1d460000 - 0x0000026e1d465000 	C:\Program Files\Java\jdk-11.0.13\bin\api-ms-win-crt-math-l1-1-0.dll
0x0000026e1d470000 - 0x0000026e1d475000 	C:\Program Files\Java\jdk-11.0.13\bin\api-ms-win-crt-multibyte-l1-1-0.dll
0x0000026e1d1e0000 - 0x0000026e1d1f0000 	C:\Program Files\Java\jdk-11.0.13\bin\api-ms-win-crt-private-l1-1-0.dll
0x0000026e1d1f0000 - 0x0000026e1d1f3000 	C:\Program Files\Java\jdk-11.0.13\bin\api-ms-win-crt-process-l1-1-0.dll
0x0000026e1d200000 - 0x0000026e1d204000 	C:\Program Files\Java\jdk-11.0.13\bin\api-ms-win-crt-runtime-l1-1-0.dll
0x0000026e1d210000 - 0x0000026e1d214000 	C:\Program Files\Java\jdk-11.0.13\bin\api-ms-win-crt-stdio-l1-1-0.dll
0x0000026e1d220000 - 0x0000026e1d224000 	C:\Program Files\Java\jdk-11.0.13\bin\api-ms-win-crt-string-l1-1-0.dll
0x0000026e1d230000 - 0x0000026e1d233000 	C:\Program Files\Java\jdk-11.0.13\bin\api-ms-win-crt-time-l1-1-0.dll
0x0000026e1d240000 - 0x0000026e1d243000 	C:\Program Files\Java\jdk-11.0.13\bin\api-ms-win-crt-utility-l1-1-0.dll
0x00007ffc3b130000 - 0x00007ffc3b22a000 	C:\Program Files\Java\jdk-11.0.13\bin\ucrtbase.dll
0x00007ffc7ac50000 - 0x00007ffc7ac9e000 	C:\Windows\System32\concrt140.dll
0x00007ffc73f80000 - 0x00007ffc73f8c000 	C:\WINDOWS\SYSTEM32\VCRUNTIME140_1.dll
0x00007ffc7d140000 - 0x00007ffc7d163000 	C:\Users\seokj\.openjfx\cache\11.0.2\prism_d3d.dll
0x00007ffc8e4a0000 - 0x00007ffc8e646000 	C:\WINDOWS\system32\d3d9.dll
0x00007ffc9c580000 - 0x00007ffc9c5af000 	C:\WINDOWS\SYSTEM32\dwmapi.dll
0x00007ffc9c2d0000 - 0x00007ffc9c308000 	C:\WINDOWS\SYSTEM32\dxcore.dll
0x00007ffc9c110000 - 0x00007ffc9c1bc000 	C:\WINDOWS\system32\uxtheme.dll
0x00007ffc39e60000 - 0x00007ffc3a022000 	C:\Windows\System32\DriverStore\FileRepository\iigd_dch.inf_amd64_de2b4d3f134dce87\igdumdim64.dll
0x00007ffc92d70000 - 0x00007ffc92e8a000 	C:\Windows\System32\DriverStore\FileRepository\iigd_dch.inf_amd64_de2b4d3f134dce87\igdgmm64.dll
0x00007ffbfa820000 - 0x00007ffbfe24d000 	C:\Windows\System32\DriverStore\FileRepository\iigd_dch.inf_amd64_de2b4d3f134dce87\igd9dxva64.dll
0x00007ffca1700000 - 0x00007ffca189a000 	C:\WINDOWS\System32\OLE32.dll
0x00007ffca04c0000 - 0x00007ffca0596000 	C:\WINDOWS\System32\OLEAUT32.dll
0x00007ffc98550000 - 0x00007ffc98594000 	C:\WINDOWS\SYSTEM32\directxdatabasehelper.dll
0x00007ffc9c430000 - 0x00007ffc9c464000 	C:\WINDOWS\SYSTEM32\ntmarta.dll
0x00007ffc6df70000 - 0x00007ffc6dfb5000 	C:\Users\seokj\.openjfx\cache\11.0.2\glass.dll
0x00007ffca1610000 - 0x00007ffca16fc000 	C:\WINDOWS\System32\COMDLG32.dll
0x00007ffca11c0000 - 0x00007ffca12de000 	C:\WINDOWS\System32\MSCTF.dll
0x00007ffc59470000 - 0x00007ffc59491000 	C:\Windows\System32\DriverStore\FileRepository\iigd_dch.inf_amd64_de2b4d3f134dce87\igdinfo64.dll
0x00007ffc90da0000 - 0x00007ffc92d68000 	C:\Windows\System32\DriverStore\FileRepository\iigd_dch.inf_amd64_de2b4d3f134dce87\igc64.dll
0x00007ffc7ab20000 - 0x00007ffc7ab34000 	C:\Users\seokj\.openjfx\cache\11.0.2\javafx_font.dll
0x00007ffc7b160000 - 0x00007ffc7b3bf000 	C:\WINDOWS\SYSTEM32\dwrite.dll
0x00007ffc9f9e0000 - 0x00007ffc9fa8f000 	C:\WINDOWS\System32\clbcatq.dll
0x00007ffc96470000 - 0x00007ffc9661e000 	C:\WINDOWS\SYSTEM32\WindowsCodecs.dll
0x00007ffc8a710000 - 0x00007ffc8a76d000 	C:\WINDOWS\system32\dataexchange.dll
0x00007ffc950d0000 - 0x00007ffc95336000 	C:\WINDOWS\system32\twinapi.appcore.dll
0x00007ffc7abe0000 - 0x00007ffc7ac12000 	C:\Program Files\Common Files\Microsoft Shared\Ink\rtscom.dll
0x00007ffc895b0000 - 0x00007ffc896dd000 	C:\WINDOWS\SYSTEM32\textinputframework.dll
0x00007ffc9bd30000 - 0x00007ffc9be62000 	C:\WINDOWS\SYSTEM32\CoreMessaging.dll
0x00007ffc977f0000 - 0x00007ffc97b5d000 	C:\WINDOWS\SYSTEM32\CoreUIComponents.dll
0x00007ffc9e8b0000 - 0x00007ffc9e8bc000 	C:\WINDOWS\SYSTEM32\CRYPTBASE.DLL
0x00007ffc6bb70000 - 0x00007ffc6bc47000 	C:\Windows\System32\IME\IMEKR\imkrtip.dll
0x00007ffc9ae30000 - 0x00007ffc9af27000 	C:\WINDOWS\SYSTEM32\PROPSYS.dll
0x00007ffc62cf0000 - 0x00007ffc62e10000 	C:\Windows\System32\IME\shared\imetip.dll
0x00007ffc82f40000 - 0x00007ffc830ff000 	C:\WINDOWS\SYSTEM32\DUI70.dll
0x00007ffc96310000 - 0x00007ffc96379000 	C:\WINDOWS\SYSTEM32\OLEACC.dll
0x00007ffc6b180000 - 0x00007ffc6b1c8000 	C:\Windows\System32\IME\IMEKR\imkrapi.dll
0x00007ffc9ad40000 - 0x00007ffc9ade0000 	C:\WINDOWS\SYSTEM32\policymanager.dll
0x00007ffc9aab0000 - 0x00007ffc9ab42000 	C:\WINDOWS\SYSTEM32\msvcp110_win.dll
0x00007ffc6b130000 - 0x00007ffc6b173000 	C:\Windows\System32\IME\shared\imjkapi.dll
0x00007ffc5cf10000 - 0x00007ffc5cf3c000 	C:\Users\seokj\.openjfx\cache\11.0.2\javafx_iio.dll
0x00007ffc991e0000 - 0x00007ffc99798000 	C:\WINDOWS\SYSTEM32\d2d1.dll
0x00007ffc96e50000 - 0x00007ffc970d0000 	C:\WINDOWS\SYSTEM32\d3d11.dll
0x00007ffc9c310000 - 0x00007ffc9c403000 	C:\WINDOWS\SYSTEM32\dxgi.dll

dbghelp: loaded successfully - version: 4.0.5 - missing functions: none
symbol engine: initialized successfully - sym options: 0x614 - pdb path: .;C:\Program Files\Java\jdk-11.0.13\bin;C:\WINDOWS\SYSTEM32;C:\WINDOWS\WinSxS\amd64_microsoft.windows.common-controls_6595b64144ccf1df_6.0.22000.120_none_9d947278b86cc467;C:\Program Files\Java\jdk-11.0.13\bin\server;C:\Users\seokj\.openjfx\cache\11.0.2;C:\Windows\System32\DriverStore\FileRepository\iigd_dch.inf_amd64_de2b4d3f134dce87;C:\Program Files\Common Files\Microsoft Shared\Ink;C:\Windows\System32\IME\IMEKR;C:\Windows\System32\IME\shared

VM Arguments:
jvm_args: -Dfile.encoding=UTF-8 -Duser.country=KR -Duser.language=ko -Duser.variant --module-path=C:\Users\seokj\study\Gymmer Station\build\libs\GymmerStation-1.0-SNAPSHOT.jar;C:\Users\seokj\study\Gymmer Station\build\classes\java\main;C:\Users\seokj\.gradle\caches\modules-2\files-2.1\org.openjfx\javafx-fxml\11.0.2\b3242e4c031558574de2a1da685bb5fcdbb8a530\javafx-fxml-11.0.2-win.jar;C:\Users\seokj\.gradle\caches\modules-2\files-2.1\org.openjfx\javafx-controls\11.0.2\6c763707769c18adce406904c771c2ad1fcc370b\javafx-controls-11.0.2-win.jar;C:\Users\seokj\.gradle\caches\modules-2\files-2.1\org.openjfx\javafx-controls\11.0.2\4ab633cf1eea60f76e2ae9905aedac862da88b08\javafx-controls-11.0.2.jar;C:\Users\seokj\.gradle\caches\modules-2\files-2.1\org.openjfx\javafx-graphics\11.0.2\20459ea2cf714942bcbeb78a7f70ba3531dc1a44\javafx-graphics-11.0.2-win.jar;C:\Users\seokj\.gradle\caches\modules-2\files-2.1\org.openjfx\javafx-graphics\11.0.2\e522eb4ea422eceeee207b1c266ba3db19b2343a\javafx-graphics-11.0.2.jar;C:\Users\seokj\.gradle\caches\modules-2\files-2.1\org.openjfx\javafx-base\11.0.2\1852e57b8cf9a9b6488c33605bccd5d06ff210e1\javafx-base-11.0.2-win.jar;C:\Users\seokj\.gradle\caches\modules-2\files-2.1\org.openjfx\javafx-base\11.0.2\7fb2e4a8528ec9e434a9ac9ee98b39af79e6dcb8\javafx-base-11.0.2.jar;C:\Users\seokj\.gradle\caches\modules-2\files-2.1\com.google.protobuf\protobuf-java\3.11.4\7ec0925cc3aef0335bbc7d57edfd42b0f86f8267\protobuf-java-3.11.4.jar -Djdk.module.main=com.gymmer.gymmerstation 
java_command: com.gymmer.gymmerstation/com.gymmer.gymmerstation.Main
java_class_path (initial): C:\Users\seokj\study\Gymmer Station\build\resources\main;C:\Users\seokj\.gradle\caches\modules-2\files-2.1\mysql\mysql-connector-java\8.0.28\33678b1729d4f832b9e4bcb2d5bbd67940920a7a\mysql-connector-java-8.0.28.jar
Launcher Type: SUN_STANDARD

[Global flags]
     intx CICompilerCount                          = 4                                         {product} {ergonomic}
     uint ConcGCThreads                            = 2                                         {product} {ergonomic}
     uint G1ConcRefinementThreads                  = 8                                         {product} {ergonomic}
   size_t G1HeapRegionSize                         = 1048576                                   {product} {ergonomic}
    uintx GCDrainStackTargetSize                   = 64                                        {product} {ergonomic}
   size_t InitialHeapSize                          = 132120576                                 {product} {ergonomic}
   size_t MarkStackSize                            = 4194304                                   {product} {ergonomic}
   size_t MaxHeapSize                              = 2105540608                                {product} {ergonomic}
   size_t MaxNewSize                               = 1262485504                                {product} {ergonomic}
   size_t MinHeapDeltaBytes                        = 1048576                                   {product} {ergonomic}
    uintx NonNMethodCodeHeapSize                   = 5836300                                {pd product} {ergonomic}
    uintx NonProfiledCodeHeapSize                  = 122910970                              {pd product} {ergonomic}
    uintx ProfiledCodeHeapSize                     = 122910970                              {pd product} {ergonomic}
    uintx ReservedCodeCacheSize                    = 251658240                              {pd product} {ergonomic}
     bool SegmentedCodeCache                       = true                                      {product} {ergonomic}
     bool UseCompressedClassPointers               = true                                 {lp64_product} {ergonomic}
     bool UseCompressedOops                        = true                                 {lp64_product} {ergonomic}
     bool UseG1GC                                  = true                                      {product} {ergonomic}
     bool UseLargePagesIndividualAllocation        = false                                  {pd product} {ergonomic}

Logging:
Log output configuration:
 #0: stdout all=warning uptime,level,tags
 #1: stderr all=off uptime,level,tags

Environment Variables:
JAVA_HOME=C:\Program Files\Java\jdk-11.0.13
CLASSPATH=C:\Program Files\Java\jdk-11.0.13\lib
PATH=C:\WINDOWS\system32;C:\WINDOWS;C:\WINDOWS\System32\Wbem;C:\WINDOWS\System32\WindowsPowerShell\v1.0\;C:\WINDOWS\System32\OpenSSH\;C:\Program Files\Java\jdk-11.0.13\bin\;C:\Program Files\Git\cmd;C:\Program Files\MySQL\MySQL Shell 8.0\bin\;C:\Users\seokj\AppData\Local\Microsoft\WindowsApps;C:\Users\seokj\AppData\Local\atom\bin;C:\Users\seokj\AppData\Local\Microsoft\WindowsApps;C:\Program Files\JetBrains\IntelliJ IDEA Community Edition 2021.2\bin;;C:\Program Files\Java\jdk-11.0.13\bin;;C:\Users\seokj\AppData\Local\Programs\Microsoft VS Code\bin
USERNAME=seokj
OS=Windows_NT
PROCESSOR_IDENTIFIER=Intel64 Family 6 Model 142 Stepping 11, GenuineIntel



---------------  S Y S T E M  ---------------

OS: Windows 10 , 64 bit Build 22000 (10.0.22000.613)

CPU:total 8 (initial active 8) (4 cores per cpu, 2 threads per core) family 6 model 142 stepping 11 microcode 0xde, cmov, cx8, fxsr, mmx, sse, sse2, sse3, ssse3, sse4.1, sse4.2, popcnt, avx, avx2, aes, clmul, erms, 3dnowpref, lzcnt, ht, tsc, tscinvbit, bmi1, bmi2, adx, fma

Memory: 4k page, system-wide physical 8030M (683M free)
TotalPageFile size 15429M (AvailPageFile size 2315M)
current process WorkingSet (physical memory assigned to process): 269M, peak: 278M
current process commit charge ("private bytes"): 352M, peak: 361M

vm_info: Java HotSpot(TM) 64-Bit Server VM (11.0.13+10-LTS-370) for windows-amd64 JRE (11.0.13+10-LTS-370), built on Sep 15 2021 22:10:36 by "mach5one" with MS VC++ 15.9 (VS2017)

END.
